{"/Users/jcamarate/dev/kanboard/src/client/api/auth.ts": {"path":"/Users/jcamarate/dev/kanboard/src/client/api/auth.ts","all":false,"statementMap":{"0":{"start":{"line":1,"column":0},"end":{"line":1,"column":37}},"8":{"start":{"line":9,"column":0},"end":{"line":9,"column":95}},"9":{"start":{"line":10,"column":0},"end":{"line":10,"column":78}},"10":{"start":{"line":11,"column":0},"end":{"line":11,"column":1}},"12":{"start":{"line":13,"column":0},"end":{"line":13,"column":112}},"13":{"start":{"line":14,"column":0},"end":{"line":14,"column":87}},"14":{"start":{"line":15,"column":0},"end":{"line":15,"column":1}}},"s":{"0":1,"8":1,"9":1,"10":1,"12":1,"13":1,"14":1},"branchMap":{"0":{"type":"branch","line":9,"loc":{"start":{"line":9,"column":7},"end":{"line":11,"column":1}},"locations":[{"start":{"line":9,"column":7},"end":{"line":11,"column":1}}]},"1":{"type":"branch","line":13,"loc":{"start":{"line":13,"column":7},"end":{"line":15,"column":1}},"locations":[{"start":{"line":13,"column":7},"end":{"line":15,"column":1}}]}},"b":{"0":[1],"1":[1]},"fnMap":{"0":{"name":"loginApi","decl":{"start":{"line":9,"column":7},"end":{"line":11,"column":1}},"loc":{"start":{"line":9,"column":7},"end":{"line":11,"column":1}},"line":9},"1":{"name":"registerApi","decl":{"start":{"line":13,"column":7},"end":{"line":15,"column":1}},"loc":{"start":{"line":13,"column":7},"end":{"line":15,"column":1}},"line":13}},"f":{"0":1,"1":1}}
,"/Users/jcamarate/dev/kanboard/src/client/api/boards.ts": {"path":"/Users/jcamarate/dev/kanboard/src/client/api/boards.ts","all":false,"statementMap":{"0":{"start":{"line":1,"column":0},"end":{"line":1,"column":37}},"3":{"start":{"line":4,"column":0},"end":{"line":4,"column":65}},"4":{"start":{"line":5,"column":0},"end":{"line":5,"column":47}},"5":{"start":{"line":6,"column":0},"end":{"line":6,"column":1}},"7":{"start":{"line":8,"column":0},"end":{"line":8,"column":72}},"8":{"start":{"line":9,"column":0},"end":{"line":9,"column":51}},"9":{"start":{"line":10,"column":0},"end":{"line":10,"column":1}},"11":{"start":{"line":12,"column":0},"end":{"line":12,"column":75}},"12":{"start":{"line":13,"column":0},"end":{"line":13,"column":56}},"13":{"start":{"line":14,"column":0},"end":{"line":14,"column":1}},"15":{"start":{"line":16,"column":0},"end":{"line":16,"column":87}},"16":{"start":{"line":17,"column":0},"end":{"line":17,"column":63}},"17":{"start":{"line":18,"column":0},"end":{"line":18,"column":1}},"19":{"start":{"line":20,"column":0},"end":{"line":20,"column":72}},"20":{"start":{"line":21,"column":0},"end":{"line":21,"column":47}},"21":{"start":{"line":22,"column":0},"end":{"line":22,"column":1}}},"s":{"0":1,"3":1,"4":1,"5":1,"7":1,"8":1,"9":1,"11":1,"12":1,"13":1,"15":1,"16":1,"17":1,"19":1,"20":1,"21":1},"branchMap":{"0":{"type":"branch","line":4,"loc":{"start":{"line":4,"column":7},"end":{"line":6,"column":1}},"locations":[{"start":{"line":4,"column":7},"end":{"line":6,"column":1}}]},"1":{"type":"branch","line":8,"loc":{"start":{"line":8,"column":7},"end":{"line":10,"column":1}},"locations":[{"start":{"line":8,"column":7},"end":{"line":10,"column":1}}]},"2":{"type":"branch","line":12,"loc":{"start":{"line":12,"column":7},"end":{"line":14,"column":1}},"locations":[{"start":{"line":12,"column":7},"end":{"line":14,"column":1}}]},"3":{"type":"branch","line":16,"loc":{"start":{"line":16,"column":7},"end":{"line":18,"column":1}},"locations":[{"start":{"line":16,"column":7},"end":{"line":18,"column":1}}]},"4":{"type":"branch","line":20,"loc":{"start":{"line":20,"column":7},"end":{"line":22,"column":1}},"locations":[{"start":{"line":20,"column":7},"end":{"line":22,"column":1}}]}},"b":{"0":[1],"1":[1],"2":[1],"3":[1],"4":[1]},"fnMap":{"0":{"name":"fetchBoardsApi","decl":{"start":{"line":4,"column":7},"end":{"line":6,"column":1}},"loc":{"start":{"line":4,"column":7},"end":{"line":6,"column":1}},"line":4},"1":{"name":"fetchBoardApi","decl":{"start":{"line":8,"column":7},"end":{"line":10,"column":1}},"loc":{"start":{"line":8,"column":7},"end":{"line":10,"column":1}},"line":8},"2":{"name":"createBoardApi","decl":{"start":{"line":12,"column":7},"end":{"line":14,"column":1}},"loc":{"start":{"line":12,"column":7},"end":{"line":14,"column":1}},"line":12},"3":{"name":"updateBoardApi","decl":{"start":{"line":16,"column":7},"end":{"line":18,"column":1}},"loc":{"start":{"line":16,"column":7},"end":{"line":18,"column":1}},"line":16},"4":{"name":"deleteBoardApi","decl":{"start":{"line":20,"column":7},"end":{"line":22,"column":1}},"loc":{"start":{"line":20,"column":7},"end":{"line":22,"column":1}},"line":20}},"f":{"0":1,"1":1,"2":1,"3":1,"4":1}}
,"/Users/jcamarate/dev/kanboard/src/client/api/cards.ts": {"path":"/Users/jcamarate/dev/kanboard/src/client/api/cards.ts","all":false,"statementMap":{"0":{"start":{"line":1,"column":0},"end":{"line":1,"column":37}},"3":{"start":{"line":4,"column":0},"end":{"line":4,"column":122}},"4":{"start":{"line":5,"column":0},"end":{"line":5,"column":66}},"5":{"start":{"line":6,"column":0},"end":{"line":6,"column":1}},"7":{"start":{"line":8,"column":0},"end":{"line":8,"column":70}},"8":{"start":{"line":9,"column":0},"end":{"line":9,"column":49}},"9":{"start":{"line":10,"column":0},"end":{"line":10,"column":1}},"11":{"start":{"line":12,"column":0},"end":{"line":12,"column":147}},"12":{"start":{"line":13,"column":0},"end":{"line":13,"column":57}},"13":{"start":{"line":14,"column":0},"end":{"line":14,"column":1}},"15":{"start":{"line":16,"column":0},"end":{"line":16,"column":71}},"16":{"start":{"line":17,"column":0},"end":{"line":17,"column":46}},"17":{"start":{"line":18,"column":0},"end":{"line":18,"column":1}}},"s":{"0":1,"3":1,"4":1,"5":1,"7":1,"8":1,"9":1,"11":1,"12":1,"13":1,"15":1,"16":1,"17":1},"branchMap":{"0":{"type":"branch","line":4,"loc":{"start":{"line":4,"column":7},"end":{"line":6,"column":1}},"locations":[{"start":{"line":4,"column":7},"end":{"line":6,"column":1}}]},"1":{"type":"branch","line":8,"loc":{"start":{"line":8,"column":7},"end":{"line":10,"column":1}},"locations":[{"start":{"line":8,"column":7},"end":{"line":10,"column":1}}]},"2":{"type":"branch","line":12,"loc":{"start":{"line":12,"column":7},"end":{"line":14,"column":1}},"locations":[{"start":{"line":12,"column":7},"end":{"line":14,"column":1}}]},"3":{"type":"branch","line":16,"loc":{"start":{"line":16,"column":7},"end":{"line":18,"column":1}},"locations":[{"start":{"line":16,"column":7},"end":{"line":18,"column":1}}]}},"b":{"0":[1],"1":[1],"2":[1],"3":[1]},"fnMap":{"0":{"name":"createCardApi","decl":{"start":{"line":4,"column":7},"end":{"line":6,"column":1}},"loc":{"start":{"line":4,"column":7},"end":{"line":6,"column":1}},"line":4},"1":{"name":"fetchCardApi","decl":{"start":{"line":8,"column":7},"end":{"line":10,"column":1}},"loc":{"start":{"line":8,"column":7},"end":{"line":10,"column":1}},"line":8},"2":{"name":"updateCardApi","decl":{"start":{"line":12,"column":7},"end":{"line":14,"column":1}},"loc":{"start":{"line":12,"column":7},"end":{"line":14,"column":1}},"line":12},"3":{"name":"deleteCardApi","decl":{"start":{"line":16,"column":7},"end":{"line":18,"column":1}},"loc":{"start":{"line":16,"column":7},"end":{"line":18,"column":1}},"line":16}},"f":{"0":1,"1":1,"2":1,"3":1}}
,"/Users/jcamarate/dev/kanboard/src/client/api/client.ts": {"path":"/Users/jcamarate/dev/kanboard/src/client/api/client.ts","all":false,"statementMap":{"0":{"start":{"line":1,"column":0},"end":{"line":1,"column":46}},"3":{"start":{"line":4,"column":0},"end":{"line":4,"column":92}},"4":{"start":{"line":5,"column":0},"end":{"line":5,"column":46}},"5":{"start":{"line":6,"column":0},"end":{"line":6,"column":43}},"6":{"start":{"line":7,"column":0},"end":{"line":7,"column":39}},"7":{"start":{"line":8,"column":0},"end":{"line":8,"column":59}},"8":{"start":{"line":9,"column":0},"end":{"line":9,"column":4}},"9":{"start":{"line":10,"column":0},"end":{"line":10,"column":14}},"10":{"start":{"line":11,"column":0},"end":{"line":11,"column":49}},"11":{"start":{"line":12,"column":0},"end":{"line":12,"column":3}},"13":{"start":{"line":14,"column":0},"end":{"line":14,"column":61}},"15":{"start":{"line":16,"column":0},"end":{"line":16,"column":21}},"16":{"start":{"line":17,"column":0},"end":{"line":17,"column":87}},"17":{"start":{"line":18,"column":0},"end":{"line":18,"column":57}},"18":{"start":{"line":19,"column":0},"end":{"line":19,"column":3}},"20":{"start":{"line":21,"column":0},"end":{"line":21,"column":32}},"21":{"start":{"line":22,"column":0},"end":{"line":22,"column":36}},"22":{"start":{"line":23,"column":0},"end":{"line":23,"column":3}},"24":{"start":{"line":25,"column":0},"end":{"line":25,"column":52}},"25":{"start":{"line":26,"column":0},"end":{"line":26,"column":1}},"27":{"start":{"line":28,"column":0},"end":{"line":28,"column":26}},"28":{"start":{"line":29,"column":0},"end":{"line":29,"column":48}},"29":{"start":{"line":30,"column":0},"end":{"line":30,"column":46}},"30":{"start":{"line":31,"column":0},"end":{"line":31,"column":4}},"32":{"start":{"line":33,"column":0},"end":{"line":33,"column":65}},"33":{"start":{"line":34,"column":0},"end":{"line":34,"column":28}},"34":{"start":{"line":35,"column":0},"end":{"line":35,"column":21}},"35":{"start":{"line":36,"column":0},"end":{"line":36,"column":52}},"36":{"start":{"line":37,"column":0},"end":{"line":37,"column":7}},"37":{"start":{"line":38,"column":0},"end":{"line":38,"column":4}},"39":{"start":{"line":40,"column":0},"end":{"line":40,"column":66}},"40":{"start":{"line":41,"column":0},"end":{"line":41,"column":28}},"41":{"start":{"line":42,"column":0},"end":{"line":42,"column":22}},"42":{"start":{"line":43,"column":0},"end":{"line":43,"column":52}},"43":{"start":{"line":44,"column":0},"end":{"line":44,"column":7}},"44":{"start":{"line":45,"column":0},"end":{"line":45,"column":4}},"46":{"start":{"line":47,"column":0},"end":{"line":47,"column":51}},"47":{"start":{"line":48,"column":0},"end":{"line":48,"column":52}},"48":{"start":{"line":49,"column":0},"end":{"line":49,"column":4}},"49":{"start":{"line":50,"column":0},"end":{"line":50,"column":2}}},"s":{"0":1,"3":8,"4":8,"5":8,"6":8,"7":8,"8":8,"9":8,"10":1,"11":1,"13":8,"15":8,"16":2,"17":2,"18":2,"20":8,"21":1,"22":1,"24":5,"25":5,"27":1,"28":1,"29":4,"30":4,"32":1,"33":2,"34":2,"35":2,"36":2,"37":2,"39":1,"40":1,"41":1,"42":1,"43":1,"44":1,"46":1,"47":1,"48":1,"49":1},"branchMap":{"0":{"type":"branch","line":4,"loc":{"start":{"line":4,"column":0},"end":{"line":26,"column":1}},"locations":[{"start":{"line":4,"column":0},"end":{"line":26,"column":1}}]},"1":{"type":"branch","line":10,"loc":{"start":{"line":10,"column":13},"end":{"line":12,"column":3}},"locations":[{"start":{"line":10,"column":13},"end":{"line":12,"column":3}}]},"2":{"type":"branch","line":16,"loc":{"start":{"line":16,"column":20},"end":{"line":19,"column":3}},"locations":[{"start":{"line":16,"column":20},"end":{"line":19,"column":3}}]},"3":{"type":"branch","line":18,"loc":{"start":{"line":18,"column":30},"end":{"line":18,"column":55}},"locations":[{"start":{"line":18,"column":30},"end":{"line":18,"column":55}}]},"4":{"type":"branch","line":19,"loc":{"start":{"line":19,"column":2},"end":{"line":21,"column":31}},"locations":[{"start":{"line":19,"column":2},"end":{"line":21,"column":31}}]},"5":{"type":"branch","line":21,"loc":{"start":{"line":21,"column":31},"end":{"line":23,"column":3}},"locations":[{"start":{"line":21,"column":31},"end":{"line":23,"column":3}}]},"6":{"type":"branch","line":23,"loc":{"start":{"line":23,"column":2},"end":{"line":26,"column":1}},"locations":[{"start":{"line":23,"column":2},"end":{"line":26,"column":1}}]},"7":{"type":"branch","line":17,"loc":{"start":{"line":17,"column":50},"end":{"line":17,"column":85}},"locations":[{"start":{"line":17,"column":50},"end":{"line":17,"column":85}}]},"8":{"type":"branch","line":29,"loc":{"start":{"line":29,"column":2},"end":{"line":31,"column":4}},"locations":[{"start":{"line":29,"column":2},"end":{"line":31,"column":4}}]},"9":{"type":"branch","line":33,"loc":{"start":{"line":33,"column":2},"end":{"line":38,"column":4}},"locations":[{"start":{"line":33,"column":2},"end":{"line":38,"column":4}}]},"10":{"type":"branch","line":36,"loc":{"start":{"line":36,"column":12},"end":{"line":36,"column":42}},"locations":[{"start":{"line":36,"column":12},"end":{"line":36,"column":42}}]},"11":{"type":"branch","line":36,"loc":{"start":{"line":36,"column":38},"end":{"line":36,"column":52}},"locations":[{"start":{"line":36,"column":38},"end":{"line":36,"column":52}}]},"12":{"type":"branch","line":40,"loc":{"start":{"line":40,"column":2},"end":{"line":45,"column":4}},"locations":[{"start":{"line":40,"column":2},"end":{"line":45,"column":4}}]},"13":{"type":"branch","line":43,"loc":{"start":{"line":43,"column":38},"end":{"line":43,"column":52}},"locations":[{"start":{"line":43,"column":38},"end":{"line":43,"column":52}}]},"14":{"type":"branch","line":47,"loc":{"start":{"line":47,"column":2},"end":{"line":49,"column":4}},"locations":[{"start":{"line":47,"column":2},"end":{"line":49,"column":4}}]}},"b":{"0":[8],"1":[1],"2":[2],"3":[0],"4":[6],"5":[1],"6":[5],"7":[1],"8":[4],"9":[2],"10":[1],"11":[1],"12":[1],"13":[0],"14":[1]},"fnMap":{"0":{"name":"request","decl":{"start":{"line":4,"column":0},"end":{"line":26,"column":1}},"loc":{"start":{"line":4,"column":0},"end":{"line":26,"column":1}},"line":4},"1":{"name":"get","decl":{"start":{"line":29,"column":2},"end":{"line":31,"column":4}},"loc":{"start":{"line":29,"column":2},"end":{"line":31,"column":4}},"line":29},"2":{"name":"post","decl":{"start":{"line":33,"column":2},"end":{"line":38,"column":4}},"loc":{"start":{"line":33,"column":2},"end":{"line":38,"column":4}},"line":33},"3":{"name":"patch","decl":{"start":{"line":40,"column":2},"end":{"line":45,"column":4}},"loc":{"start":{"line":40,"column":2},"end":{"line":45,"column":4}},"line":40},"4":{"name":"delete","decl":{"start":{"line":47,"column":2},"end":{"line":49,"column":4}},"loc":{"start":{"line":47,"column":2},"end":{"line":49,"column":4}},"line":47}},"f":{"0":8,"1":4,"2":2,"3":1,"4":1}}
,"/Users/jcamarate/dev/kanboard/src/client/api/labels.ts": {"path":"/Users/jcamarate/dev/kanboard/src/client/api/labels.ts","all":false,"statementMap":{"0":{"start":{"line":1,"column":0},"end":{"line":1,"column":37}},"3":{"start":{"line":4,"column":0},"end":{"line":4,"column":85}},"4":{"start":{"line":5,"column":0},"end":{"line":5,"column":65}},"5":{"start":{"line":6,"column":0},"end":{"line":6,"column":1}},"7":{"start":{"line":8,"column":0},"end":{"line":8,"column":31}},"8":{"start":{"line":9,"column":0},"end":{"line":9,"column":18}},"9":{"start":{"line":10,"column":0},"end":{"line":10,"column":44}},"10":{"start":{"line":11,"column":0},"end":{"line":11,"column":32}},"11":{"start":{"line":12,"column":0},"end":{"line":12,"column":70}},"12":{"start":{"line":13,"column":0},"end":{"line":13,"column":1}},"14":{"start":{"line":15,"column":0},"end":{"line":15,"column":31}},"15":{"start":{"line":16,"column":0},"end":{"line":16,"column":18}},"16":{"start":{"line":17,"column":0},"end":{"line":17,"column":47}},"17":{"start":{"line":18,"column":0},"end":{"line":18,"column":32}},"18":{"start":{"line":19,"column":0},"end":{"line":19,"column":65}},"19":{"start":{"line":20,"column":0},"end":{"line":20,"column":1}},"21":{"start":{"line":22,"column":0},"end":{"line":22,"column":77}},"22":{"start":{"line":23,"column":0},"end":{"line":23,"column":52}},"23":{"start":{"line":24,"column":0},"end":{"line":24,"column":1}},"25":{"start":{"line":26,"column":0},"end":{"line":26,"column":98}},"26":{"start":{"line":27,"column":0},"end":{"line":27,"column":79}},"27":{"start":{"line":28,"column":0},"end":{"line":28,"column":1}},"29":{"start":{"line":30,"column":0},"end":{"line":30,"column":93}},"30":{"start":{"line":31,"column":0},"end":{"line":31,"column":68}},"31":{"start":{"line":32,"column":0},"end":{"line":32,"column":1}}},"s":{"0":1,"3":1,"4":1,"5":1,"7":1,"8":1,"9":1,"10":1,"11":1,"12":1,"14":1,"15":1,"16":1,"17":1,"18":1,"19":1,"21":1,"22":1,"23":1,"25":1,"26":1,"27":1,"29":1,"30":1,"31":1},"branchMap":{"0":{"type":"branch","line":4,"loc":{"start":{"line":4,"column":7},"end":{"line":6,"column":1}},"locations":[{"start":{"line":4,"column":7},"end":{"line":6,"column":1}}]},"1":{"type":"branch","line":8,"loc":{"start":{"line":8,"column":7},"end":{"line":13,"column":1}},"locations":[{"start":{"line":8,"column":7},"end":{"line":13,"column":1}}]},"2":{"type":"branch","line":15,"loc":{"start":{"line":15,"column":7},"end":{"line":20,"column":1}},"locations":[{"start":{"line":15,"column":7},"end":{"line":20,"column":1}}]},"3":{"type":"branch","line":22,"loc":{"start":{"line":22,"column":7},"end":{"line":24,"column":1}},"locations":[{"start":{"line":22,"column":7},"end":{"line":24,"column":1}}]},"4":{"type":"branch","line":26,"loc":{"start":{"line":26,"column":7},"end":{"line":28,"column":1}},"locations":[{"start":{"line":26,"column":7},"end":{"line":28,"column":1}}]},"5":{"type":"branch","line":30,"loc":{"start":{"line":30,"column":7},"end":{"line":32,"column":1}},"locations":[{"start":{"line":30,"column":7},"end":{"line":32,"column":1}}]}},"b":{"0":[1],"1":[1],"2":[1],"3":[1],"4":[1],"5":[1]},"fnMap":{"0":{"name":"fetchBoardLabelsApi","decl":{"start":{"line":4,"column":7},"end":{"line":6,"column":1}},"loc":{"start":{"line":4,"column":7},"end":{"line":6,"column":1}},"line":4},"1":{"name":"createLabelApi","decl":{"start":{"line":8,"column":7},"end":{"line":13,"column":1}},"loc":{"start":{"line":8,"column":7},"end":{"line":13,"column":1}},"line":8},"2":{"name":"updateLabelApi","decl":{"start":{"line":15,"column":7},"end":{"line":20,"column":1}},"loc":{"start":{"line":15,"column":7},"end":{"line":20,"column":1}},"line":15},"3":{"name":"deleteLabelApi","decl":{"start":{"line":22,"column":7},"end":{"line":24,"column":1}},"loc":{"start":{"line":22,"column":7},"end":{"line":24,"column":1}},"line":22},"4":{"name":"attachLabelApi","decl":{"start":{"line":26,"column":7},"end":{"line":28,"column":1}},"loc":{"start":{"line":26,"column":7},"end":{"line":28,"column":1}},"line":26},"5":{"name":"detachLabelApi","decl":{"start":{"line":30,"column":7},"end":{"line":32,"column":1}},"loc":{"start":{"line":30,"column":7},"end":{"line":32,"column":1}},"line":30}},"f":{"0":1,"1":1,"2":1,"3":1,"4":1,"5":1}}
,"/Users/jcamarate/dev/kanboard/src/client/api/lists.ts": {"path":"/Users/jcamarate/dev/kanboard/src/client/api/lists.ts","all":false,"statementMap":{"0":{"start":{"line":1,"column":0},"end":{"line":1,"column":37}},"3":{"start":{"line":4,"column":0},"end":{"line":4,"column":90}},"4":{"start":{"line":5,"column":0},"end":{"line":5,"column":72}},"5":{"start":{"line":6,"column":0},"end":{"line":6,"column":1}},"7":{"start":{"line":8,"column":0},"end":{"line":8,"column":119}},"8":{"start":{"line":9,"column":0},"end":{"line":9,"column":57}},"9":{"start":{"line":10,"column":0},"end":{"line":10,"column":1}},"11":{"start":{"line":12,"column":0},"end":{"line":12,"column":71}},"12":{"start":{"line":13,"column":0},"end":{"line":13,"column":46}},"13":{"start":{"line":14,"column":0},"end":{"line":14,"column":1}}},"s":{"0":1,"3":1,"4":1,"5":1,"7":1,"8":1,"9":1,"11":1,"12":1,"13":1},"branchMap":{"0":{"type":"branch","line":4,"loc":{"start":{"line":4,"column":7},"end":{"line":6,"column":1}},"locations":[{"start":{"line":4,"column":7},"end":{"line":6,"column":1}}]},"1":{"type":"branch","line":8,"loc":{"start":{"line":8,"column":7},"end":{"line":10,"column":1}},"locations":[{"start":{"line":8,"column":7},"end":{"line":10,"column":1}}]},"2":{"type":"branch","line":12,"loc":{"start":{"line":12,"column":7},"end":{"line":14,"column":1}},"locations":[{"start":{"line":12,"column":7},"end":{"line":14,"column":1}}]}},"b":{"0":[1],"1":[1],"2":[1]},"fnMap":{"0":{"name":"createListApi","decl":{"start":{"line":4,"column":7},"end":{"line":6,"column":1}},"loc":{"start":{"line":4,"column":7},"end":{"line":6,"column":1}},"line":4},"1":{"name":"updateListApi","decl":{"start":{"line":8,"column":7},"end":{"line":10,"column":1}},"loc":{"start":{"line":8,"column":7},"end":{"line":10,"column":1}},"line":8},"2":{"name":"deleteListApi","decl":{"start":{"line":12,"column":7},"end":{"line":14,"column":1}},"loc":{"start":{"line":12,"column":7},"end":{"line":14,"column":1}},"line":12}},"f":{"0":1,"1":1,"2":1}}
,"/Users/jcamarate/dev/kanboard/src/client/components/Auth/AuthGuard.tsx": {"path":"/Users/jcamarate/dev/kanboard/src/client/components/Auth/AuthGuard.tsx","all":false,"statementMap":{"0":{"start":{"line":1,"column":0},"end":{"line":1,"column":44}},"5":{"start":{"line":6,"column":0},"end":{"line":6,"column":29}},"6":{"start":{"line":7,"column":0},"end":{"line":7,"column":57}},"7":{"start":{"line":8,"column":0},"end":{"line":8,"column":56}},"9":{"start":{"line":10,"column":0},"end":{"line":10,"column":19}},"10":{"start":{"line":11,"column":0},"end":{"line":11,"column":17}},"11":{"start":{"line":12,"column":0},"end":{"line":12,"column":25}},"12":{"start":{"line":13,"column":0},"end":{"line":13,"column":19}},"14":{"start":{"line":15,"column":0},"end":{"line":15,"column":21}},"15":{"start":{"line":16,"column":0},"end":{"line":16,"column":33}},"16":{"start":{"line":17,"column":0},"end":{"line":17,"column":3}},"18":{"start":{"line":19,"column":0},"end":{"line":19,"column":25}},"19":{"start":{"line":20,"column":0},"end":{"line":20,"column":44}},"20":{"start":{"line":21,"column":0},"end":{"line":21,"column":3}},"22":{"start":{"line":23,"column":0},"end":{"line":23,"column":20}},"23":{"start":{"line":24,"column":0},"end":{"line":24,"column":1}}},"s":{"0":1,"5":1,"6":4,"7":4,"9":4,"10":2,"11":2,"12":4,"14":4,"15":2,"16":2,"18":4,"19":1,"20":1,"22":1,"23":1},"branchMap":{"0":{"type":"branch","line":6,"loc":{"start":{"line":6,"column":7},"end":{"line":24,"column":1}},"locations":[{"start":{"line":6,"column":7},"end":{"line":24,"column":1}}]},"1":{"type":"branch","line":15,"loc":{"start":{"line":15,"column":20},"end":{"line":19,"column":24}},"locations":[{"start":{"line":15,"column":20},"end":{"line":19,"column":24}}]},"2":{"type":"branch","line":19,"loc":{"start":{"line":19,"column":24},"end":{"line":24,"column":1}},"locations":[{"start":{"line":19,"column":24},"end":{"line":24,"column":1}}]},"3":{"type":"branch","line":10,"loc":{"start":{"line":10,"column":12},"end":{"line":13,"column":5}},"locations":[{"start":{"line":10,"column":12},"end":{"line":13,"column":5}}]}},"b":{"0":[4],"1":[2],"2":[1],"3":[2]},"fnMap":{"0":{"name":"AuthGuard","decl":{"start":{"line":6,"column":7},"end":{"line":24,"column":1}},"loc":{"start":{"line":6,"column":7},"end":{"line":24,"column":1}},"line":6}},"f":{"0":4}}
,"/Users/jcamarate/dev/kanboard/src/client/components/Auth/LoginForm/LoginForm.tsx": {"path":"/Users/jcamarate/dev/kanboard/src/client/components/Auth/LoginForm/LoginForm.tsx","all":false,"statementMap":{"0":{"start":{"line":1,"column":0},"end":{"line":1,"column":44}},"7":{"start":{"line":8,"column":0},"end":{"line":8,"column":29}},"8":{"start":{"line":9,"column":0},"end":{"line":9,"column":41}},"9":{"start":{"line":10,"column":0},"end":{"line":10,"column":47}},"10":{"start":{"line":11,"column":0},"end":{"line":11,"column":41}},"11":{"start":{"line":12,"column":0},"end":{"line":12,"column":52}},"12":{"start":{"line":13,"column":0},"end":{"line":13,"column":45}},"13":{"start":{"line":14,"column":0},"end":{"line":14,"column":33}},"15":{"start":{"line":16,"column":0},"end":{"line":16,"column":48}},"16":{"start":{"line":17,"column":0},"end":{"line":17,"column":23}},"17":{"start":{"line":18,"column":0},"end":{"line":18,"column":17}},"18":{"start":{"line":19,"column":0},"end":{"line":19,"column":23}},"19":{"start":{"line":20,"column":0},"end":{"line":20,"column":9}},"20":{"start":{"line":21,"column":0},"end":{"line":21,"column":35}},"21":{"start":{"line":22,"column":0},"end":{"line":22,"column":26}},"22":{"start":{"line":23,"column":0},"end":{"line":23,"column":19}},"23":{"start":{"line":24,"column":0},"end":{"line":24,"column":68}},"24":{"start":{"line":25,"column":0},"end":{"line":25,"column":15}},"25":{"start":{"line":26,"column":0},"end":{"line":26,"column":26}},"26":{"start":{"line":27,"column":0},"end":{"line":27,"column":5}},"27":{"start":{"line":28,"column":0},"end":{"line":28,"column":4}},"29":{"start":{"line":30,"column":0},"end":{"line":30,"column":10}},"30":{"start":{"line":31,"column":0},"end":{"line":31,"column":38}},"31":{"start":{"line":32,"column":0},"end":{"line":32,"column":85}},"32":{"start":{"line":33,"column":0},"end":{"line":33,"column":49}},"33":{"start":{"line":34,"column":0},"end":{"line":34,"column":84}},"34":{"start":{"line":35,"column":0},"end":{"line":35,"column":14}},"35":{"start":{"line":36,"column":0},"end":{"line":36,"column":23}},"36":{"start":{"line":37,"column":0},"end":{"line":37,"column":22}},"37":{"start":{"line":38,"column":0},"end":{"line":38,"column":23}},"38":{"start":{"line":39,"column":0},"end":{"line":39,"column":52}},"39":{"start":{"line":40,"column":0},"end":{"line":40,"column":18}},"40":{"start":{"line":41,"column":0},"end":{"line":41,"column":35}},"41":{"start":{"line":42,"column":0},"end":{"line":42,"column":10}},"42":{"start":{"line":43,"column":0},"end":{"line":43,"column":14}},"43":{"start":{"line":44,"column":0},"end":{"line":44,"column":26}},"44":{"start":{"line":45,"column":0},"end":{"line":45,"column":25}},"45":{"start":{"line":46,"column":0},"end":{"line":46,"column":26}},"46":{"start":{"line":47,"column":0},"end":{"line":47,"column":55}},"47":{"start":{"line":48,"column":0},"end":{"line":48,"column":18}},"48":{"start":{"line":49,"column":0},"end":{"line":49,"column":38}},"49":{"start":{"line":50,"column":0},"end":{"line":50,"column":10}},"50":{"start":{"line":51,"column":0},"end":{"line":51,"column":79}},"52":{"start":{"line":53,"column":0},"end":{"line":53,"column":17}},"53":{"start":{"line":54,"column":0},"end":{"line":54,"column":35}},"54":{"start":{"line":55,"column":0},"end":{"line":55,"column":74}},"55":{"start":{"line":56,"column":0},"end":{"line":56,"column":12}},"56":{"start":{"line":57,"column":0},"end":{"line":57,"column":13}},"57":{"start":{"line":58,"column":0},"end":{"line":58,"column":10}},"59":{"start":{"line":60,"column":0},"end":{"line":60,"column":1}}},"s":{"0":1,"7":1,"8":13,"9":13,"10":13,"11":13,"12":13,"13":13,"15":13,"16":3,"17":3,"18":3,"19":3,"20":3,"21":1,"22":3,"23":2,"24":3,"25":3,"26":3,"27":3,"29":13,"30":13,"31":13,"32":13,"33":13,"34":13,"35":13,"36":13,"37":13,"38":13,"39":13,"40":13,"41":13,"42":13,"43":13,"44":13,"45":13,"46":13,"47":13,"48":13,"49":13,"50":13,"52":13,"53":13,"54":13,"55":13,"56":13,"57":13,"59":13},"branchMap":{"0":{"type":"branch","line":8,"loc":{"start":{"line":8,"column":7},"end":{"line":60,"column":1}},"locations":[{"start":{"line":8,"column":7},"end":{"line":60,"column":1}}]},"1":{"type":"branch","line":34,"loc":{"start":{"line":34,"column":9},"end":{"line":34,"column":84}},"locations":[{"start":{"line":34,"column":9},"end":{"line":34,"column":84}}]},"2":{"type":"branch","line":13,"loc":{"start":{"line":13,"column":29},"end":{"line":13,"column":43}},"locations":[{"start":{"line":13,"column":29},"end":{"line":13,"column":43}}]},"3":{"type":"branch","line":16,"loc":{"start":{"line":16,"column":23},"end":{"line":28,"column":4}},"locations":[{"start":{"line":16,"column":23},"end":{"line":28,"column":4}}]},"4":{"type":"branch","line":21,"loc":{"start":{"line":21,"column":33},"end":{"line":23,"column":13}},"locations":[{"start":{"line":21,"column":33},"end":{"line":23,"column":13}}]},"5":{"type":"branch","line":23,"loc":{"start":{"line":23,"column":4},"end":{"line":25,"column":6}},"locations":[{"start":{"line":23,"column":4},"end":{"line":25,"column":6}}]},"6":{"type":"branch","line":24,"loc":{"start":{"line":24,"column":30},"end":{"line":24,"column":52}},"locations":[{"start":{"line":24,"column":30},"end":{"line":24,"column":52}}]},"7":{"type":"branch","line":24,"loc":{"start":{"line":24,"column":42},"end":{"line":24,"column":66}},"locations":[{"start":{"line":24,"column":42},"end":{"line":24,"column":66}}]},"8":{"type":"branch","line":39,"loc":{"start":{"line":39,"column":20},"end":{"line":39,"column":52}},"locations":[{"start":{"line":39,"column":20},"end":{"line":39,"column":52}}]},"9":{"type":"branch","line":47,"loc":{"start":{"line":47,"column":20},"end":{"line":47,"column":55}},"locations":[{"start":{"line":47,"column":20},"end":{"line":47,"column":55}}]}},"b":{"0":[13],"1":[2],"2":[13],"3":[3],"4":[1],"5":[2],"6":[1],"7":[1],"8":[2],"9":[2]},"fnMap":{"0":{"name":"LoginForm","decl":{"start":{"line":8,"column":7},"end":{"line":60,"column":1}},"loc":{"start":{"line":8,"column":7},"end":{"line":60,"column":1}},"line":8},"1":{"name":"handleSubmit","decl":{"start":{"line":16,"column":23},"end":{"line":28,"column":4}},"loc":{"start":{"line":16,"column":23},"end":{"line":28,"column":4}},"line":16},"2":{"name":"onChange","decl":{"start":{"line":39,"column":20},"end":{"line":39,"column":52}},"loc":{"start":{"line":39,"column":20},"end":{"line":39,"column":52}},"line":39},"3":{"name":"onChange","decl":{"start":{"line":47,"column":20},"end":{"line":47,"column":55}},"loc":{"start":{"line":47,"column":20},"end":{"line":47,"column":55}},"line":47}},"f":{"0":13,"1":3,"2":2,"3":2}}
,"/Users/jcamarate/dev/kanboard/src/client/components/Auth/RegisterForm/RegisterForm.tsx": {"path":"/Users/jcamarate/dev/kanboard/src/client/components/Auth/RegisterForm/RegisterForm.tsx","all":false,"statementMap":{"0":{"start":{"line":1,"column":0},"end":{"line":1,"column":44}},"7":{"start":{"line":8,"column":0},"end":{"line":8,"column":32}},"8":{"start":{"line":9,"column":0},"end":{"line":9,"column":39}},"9":{"start":{"line":10,"column":0},"end":{"line":10,"column":41}},"10":{"start":{"line":11,"column":0},"end":{"line":11,"column":47}},"11":{"start":{"line":12,"column":0},"end":{"line":12,"column":41}},"12":{"start":{"line":13,"column":0},"end":{"line":13,"column":52}},"13":{"start":{"line":14,"column":0},"end":{"line":14,"column":51}},"14":{"start":{"line":15,"column":0},"end":{"line":15,"column":33}},"16":{"start":{"line":17,"column":0},"end":{"line":17,"column":48}},"17":{"start":{"line":18,"column":0},"end":{"line":18,"column":23}},"18":{"start":{"line":19,"column":0},"end":{"line":19,"column":17}},"19":{"start":{"line":20,"column":0},"end":{"line":20,"column":23}},"20":{"start":{"line":21,"column":0},"end":{"line":21,"column":9}},"21":{"start":{"line":22,"column":0},"end":{"line":22,"column":44}},"22":{"start":{"line":23,"column":0},"end":{"line":23,"column":26}},"23":{"start":{"line":24,"column":0},"end":{"line":24,"column":19}},"24":{"start":{"line":25,"column":0},"end":{"line":25,"column":75}},"25":{"start":{"line":26,"column":0},"end":{"line":26,"column":15}},"26":{"start":{"line":27,"column":0},"end":{"line":27,"column":26}},"27":{"start":{"line":28,"column":0},"end":{"line":28,"column":5}},"28":{"start":{"line":29,"column":0},"end":{"line":29,"column":4}},"30":{"start":{"line":31,"column":0},"end":{"line":31,"column":10}},"31":{"start":{"line":32,"column":0},"end":{"line":32,"column":38}},"32":{"start":{"line":33,"column":0},"end":{"line":33,"column":88}},"33":{"start":{"line":34,"column":0},"end":{"line":34,"column":56}},"34":{"start":{"line":35,"column":0},"end":{"line":35,"column":87}},"35":{"start":{"line":36,"column":0},"end":{"line":36,"column":14}},"36":{"start":{"line":37,"column":0},"end":{"line":37,"column":22}},"37":{"start":{"line":38,"column":0},"end":{"line":38,"column":21}},"38":{"start":{"line":39,"column":0},"end":{"line":39,"column":22}},"39":{"start":{"line":40,"column":0},"end":{"line":40,"column":51}},"40":{"start":{"line":41,"column":0},"end":{"line":41,"column":18}},"41":{"start":{"line":42,"column":0},"end":{"line":42,"column":37}},"42":{"start":{"line":43,"column":0},"end":{"line":43,"column":10}},"43":{"start":{"line":44,"column":0},"end":{"line":44,"column":14}},"44":{"start":{"line":45,"column":0},"end":{"line":45,"column":23}},"45":{"start":{"line":46,"column":0},"end":{"line":46,"column":22}},"46":{"start":{"line":47,"column":0},"end":{"line":47,"column":23}},"47":{"start":{"line":48,"column":0},"end":{"line":48,"column":52}},"48":{"start":{"line":49,"column":0},"end":{"line":49,"column":18}},"49":{"start":{"line":50,"column":0},"end":{"line":50,"column":38}},"50":{"start":{"line":51,"column":0},"end":{"line":51,"column":10}},"51":{"start":{"line":52,"column":0},"end":{"line":52,"column":14}},"52":{"start":{"line":53,"column":0},"end":{"line":53,"column":26}},"53":{"start":{"line":54,"column":0},"end":{"line":54,"column":25}},"54":{"start":{"line":55,"column":0},"end":{"line":55,"column":26}},"55":{"start":{"line":56,"column":0},"end":{"line":56,"column":55}},"56":{"start":{"line":57,"column":0},"end":{"line":57,"column":18}},"57":{"start":{"line":58,"column":0},"end":{"line":58,"column":41}},"58":{"start":{"line":59,"column":0},"end":{"line":59,"column":10}},"59":{"start":{"line":60,"column":0},"end":{"line":60,"column":82}},"61":{"start":{"line":62,"column":0},"end":{"line":62,"column":17}},"62":{"start":{"line":63,"column":0},"end":{"line":63,"column":35}},"63":{"start":{"line":64,"column":0},"end":{"line":64,"column":67}},"64":{"start":{"line":65,"column":0},"end":{"line":65,"column":12}},"65":{"start":{"line":66,"column":0},"end":{"line":66,"column":13}},"66":{"start":{"line":67,"column":0},"end":{"line":67,"column":10}},"68":{"start":{"line":69,"column":0},"end":{"line":69,"column":1}}},"s":{"0":1,"7":1,"8":12,"9":12,"10":12,"11":12,"12":12,"13":12,"14":12,"16":12,"17":3,"18":3,"19":3,"20":3,"21":3,"22":1,"23":3,"24":2,"25":3,"26":3,"27":3,"28":3,"30":12,"31":12,"32":12,"33":12,"34":12,"35":12,"36":12,"37":12,"38":12,"39":12,"40":12,"41":12,"42":12,"43":12,"44":12,"45":12,"46":12,"47":12,"48":12,"49":12,"50":12,"51":12,"52":12,"53":12,"54":12,"55":12,"56":12,"57":12,"58":12,"59":12,"61":12,"62":12,"63":12,"64":12,"65":12,"66":12,"68":12},"branchMap":{"0":{"type":"branch","line":8,"loc":{"start":{"line":8,"column":7},"end":{"line":69,"column":1}},"locations":[{"start":{"line":8,"column":7},"end":{"line":69,"column":1}}]},"1":{"type":"branch","line":35,"loc":{"start":{"line":35,"column":9},"end":{"line":35,"column":87}},"locations":[{"start":{"line":35,"column":9},"end":{"line":35,"column":87}}]},"2":{"type":"branch","line":14,"loc":{"start":{"line":14,"column":32},"end":{"line":14,"column":49}},"locations":[{"start":{"line":14,"column":32},"end":{"line":14,"column":49}}]},"3":{"type":"branch","line":17,"loc":{"start":{"line":17,"column":23},"end":{"line":29,"column":4}},"locations":[{"start":{"line":17,"column":23},"end":{"line":29,"column":4}}]},"4":{"type":"branch","line":22,"loc":{"start":{"line":22,"column":42},"end":{"line":24,"column":13}},"locations":[{"start":{"line":22,"column":42},"end":{"line":24,"column":13}}]},"5":{"type":"branch","line":24,"loc":{"start":{"line":24,"column":4},"end":{"line":26,"column":6}},"locations":[{"start":{"line":24,"column":4},"end":{"line":26,"column":6}}]},"6":{"type":"branch","line":25,"loc":{"start":{"line":25,"column":30},"end":{"line":25,"column":52}},"locations":[{"start":{"line":25,"column":30},"end":{"line":25,"column":52}}]},"7":{"type":"branch","line":25,"loc":{"start":{"line":25,"column":42},"end":{"line":25,"column":73}},"locations":[{"start":{"line":25,"column":42},"end":{"line":25,"column":73}}]},"8":{"type":"branch","line":40,"loc":{"start":{"line":40,"column":20},"end":{"line":40,"column":51}},"locations":[{"start":{"line":40,"column":20},"end":{"line":40,"column":51}}]},"9":{"type":"branch","line":48,"loc":{"start":{"line":48,"column":20},"end":{"line":48,"column":52}},"locations":[{"start":{"line":48,"column":20},"end":{"line":48,"column":52}}]},"10":{"type":"branch","line":56,"loc":{"start":{"line":56,"column":20},"end":{"line":56,"column":55}},"locations":[{"start":{"line":56,"column":20},"end":{"line":56,"column":55}}]}},"b":{"0":[12],"1":[2],"2":[12],"3":[3],"4":[1],"5":[2],"6":[1],"7":[1],"8":[1],"9":[1],"10":[1]},"fnMap":{"0":{"name":"RegisterForm","decl":{"start":{"line":8,"column":7},"end":{"line":69,"column":1}},"loc":{"start":{"line":8,"column":7},"end":{"line":69,"column":1}},"line":8},"1":{"name":"handleSubmit","decl":{"start":{"line":17,"column":23},"end":{"line":29,"column":4}},"loc":{"start":{"line":17,"column":23},"end":{"line":29,"column":4}},"line":17},"2":{"name":"onChange","decl":{"start":{"line":40,"column":20},"end":{"line":40,"column":51}},"loc":{"start":{"line":40,"column":20},"end":{"line":40,"column":51}},"line":40},"3":{"name":"onChange","decl":{"start":{"line":48,"column":20},"end":{"line":48,"column":52}},"loc":{"start":{"line":48,"column":20},"end":{"line":48,"column":52}},"line":48},"4":{"name":"onChange","decl":{"start":{"line":56,"column":20},"end":{"line":56,"column":55}},"loc":{"start":{"line":56,"column":20},"end":{"line":56,"column":55}},"line":56}},"f":{"0":12,"1":3,"2":1,"3":1,"4":1}}
,"/Users/jcamarate/dev/kanboard/src/client/components/Board/BoardCard/BoardCard.tsx": {"path":"/Users/jcamarate/dev/kanboard/src/client/components/Board/BoardCard/BoardCard.tsx","all":false,"statementMap":{"0":{"start":{"line":1,"column":0},"end":{"line":1,"column":47}},"8":{"start":{"line":9,"column":0},"end":{"line":9,"column":54}},"9":{"start":{"line":10,"column":0},"end":{"line":10,"column":33}},"11":{"start":{"line":12,"column":0},"end":{"line":12,"column":10}},"12":{"start":{"line":13,"column":0},"end":{"line":13,"column":8}},"13":{"start":{"line":14,"column":0},"end":{"line":14,"column":29}},"14":{"start":{"line":15,"column":0},"end":{"line":15,"column":53}},"15":{"start":{"line":16,"column":0},"end":{"line":16,"column":30}},"17":{"start":{"line":18,"column":0},"end":{"line":18,"column":55}},"18":{"start":{"line":19,"column":0},"end":{"line":19,"column":36}},"19":{"start":{"line":20,"column":0},"end":{"line":20,"column":90}},"20":{"start":{"line":21,"column":0},"end":{"line":21,"column":13}},"21":{"start":{"line":22,"column":0},"end":{"line":22,"column":10}},"23":{"start":{"line":24,"column":0},"end":{"line":24,"column":1}}},"s":{"0":1,"8":1,"9":6,"11":6,"12":6,"13":6,"14":6,"15":6,"17":6,"18":6,"19":6,"20":6,"21":6,"23":6},"branchMap":{"0":{"type":"branch","line":9,"loc":{"start":{"line":9,"column":7},"end":{"line":24,"column":1}},"locations":[{"start":{"line":9,"column":7},"end":{"line":24,"column":1}}]},"1":{"type":"branch","line":20,"loc":{"start":{"line":20,"column":15},"end":{"line":20,"column":34}},"locations":[{"start":{"line":20,"column":15},"end":{"line":20,"column":34}}]},"2":{"type":"branch","line":20,"loc":{"start":{"line":20,"column":24},"end":{"line":20,"column":36}},"locations":[{"start":{"line":20,"column":24},"end":{"line":20,"column":36}}]},"3":{"type":"branch","line":20,"loc":{"start":{"line":20,"column":51},"end":{"line":20,"column":70}},"locations":[{"start":{"line":20,"column":51},"end":{"line":20,"column":70}}]},"4":{"type":"branch","line":20,"loc":{"start":{"line":20,"column":60},"end":{"line":20,"column":77}},"locations":[{"start":{"line":20,"column":60},"end":{"line":20,"column":77}}]},"5":{"type":"branch","line":20,"loc":{"start":{"line":20,"column":77},"end":{"line":20,"column":87}},"locations":[{"start":{"line":20,"column":77},"end":{"line":20,"column":87}}]},"6":{"type":"branch","line":20,"loc":{"start":{"line":20,"column":81},"end":{"line":20,"column":90}},"locations":[{"start":{"line":20,"column":81},"end":{"line":20,"column":90}}]},"7":{"type":"branch","line":15,"loc":{"start":{"line":15,"column":15},"end":{"line":15,"column":53}},"locations":[{"start":{"line":15,"column":15},"end":{"line":15,"column":53}}]}},"b":{"0":[6],"1":[2],"2":[4],"3":[2],"4":[4],"5":[5],"6":[1],"7":[1]},"fnMap":{"0":{"name":"BoardCard","decl":{"start":{"line":9,"column":7},"end":{"line":24,"column":1}},"loc":{"start":{"line":9,"column":7},"end":{"line":24,"column":1}},"line":9},"1":{"name":"onClick","decl":{"start":{"line":15,"column":15},"end":{"line":15,"column":53}},"loc":{"start":{"line":15,"column":15},"end":{"line":15,"column":53}},"line":15}},"f":{"0":6,"1":1}}
,"/Users/jcamarate/dev/kanboard/src/client/components/Board/BoardHeader/BoardHeader.tsx": {"path":"/Users/jcamarate/dev/kanboard/src/client/components/Board/BoardHeader/BoardHeader.tsx","all":false,"statementMap":{"0":{"start":{"line":1,"column":0},"end":{"line":1,"column":48}},"11":{"start":{"line":12,"column":0},"end":{"line":12,"column":58}},"12":{"start":{"line":13,"column":0},"end":{"line":13,"column":52}},"13":{"start":{"line":14,"column":0},"end":{"line":14,"column":47}},"14":{"start":{"line":15,"column":0},"end":{"line":15,"column":59}},"15":{"start":{"line":16,"column":0},"end":{"line":16,"column":51}},"17":{"start":{"line":18,"column":0},"end":{"line":18,"column":34}},"18":{"start":{"line":19,"column":0},"end":{"line":19,"column":52}},"19":{"start":{"line":20,"column":0},"end":{"line":20,"column":47}},"20":{"start":{"line":21,"column":0},"end":{"line":21,"column":12}},"21":{"start":{"line":22,"column":0},"end":{"line":22,"column":26}},"22":{"start":{"line":23,"column":0},"end":{"line":23,"column":5}},"23":{"start":{"line":24,"column":0},"end":{"line":24,"column":24}},"24":{"start":{"line":25,"column":0},"end":{"line":25,"column":4}},"26":{"start":{"line":27,"column":0},"end":{"line":27,"column":47}},"27":{"start":{"line":28,"column":0},"end":{"line":28,"column":40}},"28":{"start":{"line":29,"column":0},"end":{"line":29,"column":29}},"29":{"start":{"line":30,"column":0},"end":{"line":30,"column":26}},"30":{"start":{"line":31,"column":0},"end":{"line":31,"column":26}},"31":{"start":{"line":32,"column":0},"end":{"line":32,"column":5}},"32":{"start":{"line":33,"column":0},"end":{"line":33,"column":4}},"34":{"start":{"line":35,"column":0},"end":{"line":35,"column":10}},"35":{"start":{"line":36,"column":0},"end":{"line":36,"column":62}},"36":{"start":{"line":37,"column":0},"end":{"line":37,"column":82}},"38":{"start":{"line":39,"column":0},"end":{"line":39,"column":13}},"39":{"start":{"line":40,"column":0},"end":{"line":40,"column":44}},"40":{"start":{"line":41,"column":0},"end":{"line":41,"column":22}},"41":{"start":{"line":42,"column":0},"end":{"line":42,"column":16}},"42":{"start":{"line":43,"column":0},"end":{"line":43,"column":40}},"43":{"start":{"line":44,"column":0},"end":{"line":44,"column":24}},"44":{"start":{"line":45,"column":0},"end":{"line":45,"column":53}},"45":{"start":{"line":46,"column":0},"end":{"line":46,"column":31}},"46":{"start":{"line":47,"column":0},"end":{"line":47,"column":37}},"47":{"start":{"line":48,"column":0},"end":{"line":48,"column":21}},"48":{"start":{"line":49,"column":0},"end":{"line":49,"column":42}},"49":{"start":{"line":50,"column":0},"end":{"line":50,"column":12}},"51":{"start":{"line":52,"column":0},"end":{"line":52,"column":12}},"52":{"start":{"line":53,"column":0},"end":{"line":53,"column":82}},"53":{"start":{"line":54,"column":0},"end":{"line":54,"column":19}},"54":{"start":{"line":55,"column":0},"end":{"line":55,"column":43}},"55":{"start":{"line":56,"column":0},"end":{"line":56,"column":48}},"56":{"start":{"line":57,"column":0},"end":{"line":57,"column":43}},"57":{"start":{"line":58,"column":0},"end":{"line":58,"column":13}},"59":{"start":{"line":60,"column":0},"end":{"line":60,"column":21}},"60":{"start":{"line":61,"column":0},"end":{"line":61,"column":13}},"62":{"start":{"line":63,"column":0},"end":{"line":63,"column":12}},"63":{"start":{"line":64,"column":0},"end":{"line":64,"column":38}},"64":{"start":{"line":65,"column":0},"end":{"line":65,"column":15}},"65":{"start":{"line":66,"column":0},"end":{"line":66,"column":23}},"66":{"start":{"line":67,"column":0},"end":{"line":67,"column":47}},"67":{"start":{"line":68,"column":0},"end":{"line":68,"column":57}},"68":{"start":{"line":69,"column":0},"end":{"line":69,"column":44}},"69":{"start":{"line":70,"column":0},"end":{"line":70,"column":9}},"71":{"start":{"line":72,"column":0},"end":{"line":72,"column":17}},"72":{"start":{"line":73,"column":0},"end":{"line":73,"column":12}},"73":{"start":{"line":74,"column":0},"end":{"line":74,"column":10}},"75":{"start":{"line":76,"column":0},"end":{"line":76,"column":1}}},"s":{"0":1,"11":1,"12":33,"13":33,"14":33,"15":33,"17":33,"18":4,"19":2,"20":2,"21":2,"22":2,"23":4,"24":4,"26":33,"27":2,"28":2,"29":1,"30":1,"31":1,"32":2,"34":33,"35":33,"36":33,"38":33,"39":33,"40":33,"41":10,"42":10,"43":10,"44":10,"45":10,"46":10,"47":10,"48":10,"49":10,"51":23,"52":23,"53":23,"54":23,"55":23,"56":23,"57":23,"59":23,"60":23,"62":33,"63":33,"64":33,"65":33,"66":33,"67":33,"68":33,"69":33,"71":33,"72":33,"73":33,"75":33},"branchMap":{"0":{"type":"branch","line":12,"loc":{"start":{"line":12,"column":7},"end":{"line":76,"column":1}},"locations":[{"start":{"line":12,"column":7},"end":{"line":76,"column":1}}]},"1":{"type":"branch","line":41,"loc":{"start":{"line":41,"column":9},"end":{"line":50,"column":12}},"locations":[{"start":{"line":41,"column":9},"end":{"line":50,"column":12}}]},"2":{"type":"branch","line":50,"loc":{"start":{"line":50,"column":10},"end":{"line":61,"column":13}},"locations":[{"start":{"line":50,"column":10},"end":{"line":61,"column":13}}]},"3":{"type":"branch","line":15,"loc":{"start":{"line":15,"column":37},"end":{"line":15,"column":57}},"locations":[{"start":{"line":15,"column":37},"end":{"line":15,"column":57}}]},"4":{"type":"branch","line":16,"loc":{"start":{"line":16,"column":31},"end":{"line":16,"column":49}},"locations":[{"start":{"line":16,"column":31},"end":{"line":16,"column":49}}]},"5":{"type":"branch","line":18,"loc":{"start":{"line":18,"column":21},"end":{"line":25,"column":4}},"locations":[{"start":{"line":18,"column":21},"end":{"line":25,"column":4}}]},"6":{"type":"branch","line":19,"loc":{"start":{"line":19,"column":18},"end":{"line":19,"column":51}},"locations":[{"start":{"line":19,"column":18},"end":{"line":19,"column":51}}]},"7":{"type":"branch","line":19,"loc":{"start":{"line":19,"column":51},"end":{"line":23,"column":5}},"locations":[{"start":{"line":19,"column":51},"end":{"line":23,"column":5}}]},"8":{"type":"branch","line":27,"loc":{"start":{"line":27,"column":24},"end":{"line":33,"column":4}},"locations":[{"start":{"line":27,"column":24},"end":{"line":33,"column":4}}]},"9":{"type":"branch","line":28,"loc":{"start":{"line":28,"column":27},"end":{"line":28,"column":40}},"locations":[{"start":{"line":28,"column":27},"end":{"line":28,"column":40}}]},"10":{"type":"branch","line":29,"loc":{"start":{"line":29,"column":28},"end":{"line":32,"column":5}},"locations":[{"start":{"line":29,"column":28},"end":{"line":32,"column":5}}]},"11":{"type":"branch","line":45,"loc":{"start":{"line":45,"column":22},"end":{"line":45,"column":53}},"locations":[{"start":{"line":45,"column":22},"end":{"line":45,"column":53}}]},"12":{"type":"branch","line":56,"loc":{"start":{"line":56,"column":23},"end":{"line":56,"column":48}},"locations":[{"start":{"line":56,"column":23},"end":{"line":56,"column":48}}]},"13":{"type":"branch","line":68,"loc":{"start":{"line":68,"column":19},"end":{"line":68,"column":57}},"locations":[{"start":{"line":68,"column":19},"end":{"line":68,"column":57}}]}},"b":{"0":[33],"1":[10],"2":[23],"3":[33],"4":[33],"5":[4],"6":[3],"7":[2],"8":[2],"9":[1],"10":[1],"11":[4],"12":[6],"13":[1]},"fnMap":{"0":{"name":"BoardHeader","decl":{"start":{"line":12,"column":7},"end":{"line":76,"column":1}},"loc":{"start":{"line":12,"column":7},"end":{"line":76,"column":1}},"line":12},"1":{"name":"handleSave","decl":{"start":{"line":18,"column":21},"end":{"line":25,"column":4}},"loc":{"start":{"line":18,"column":21},"end":{"line":25,"column":4}},"line":18},"2":{"name":"handleKeyDown","decl":{"start":{"line":27,"column":24},"end":{"line":33,"column":4}},"loc":{"start":{"line":27,"column":24},"end":{"line":33,"column":4}},"line":27},"3":{"name":"onChange","decl":{"start":{"line":45,"column":22},"end":{"line":45,"column":53}},"loc":{"start":{"line":45,"column":22},"end":{"line":45,"column":53}},"line":45},"4":{"name":"onClick","decl":{"start":{"line":56,"column":23},"end":{"line":56,"column":48}},"loc":{"start":{"line":56,"column":23},"end":{"line":56,"column":48}},"line":56},"5":{"name":"onClick","decl":{"start":{"line":68,"column":19},"end":{"line":68,"column":57}},"loc":{"start":{"line":68,"column":19},"end":{"line":68,"column":57}},"line":68}},"f":{"0":33,"1":4,"2":2,"3":4,"4":6,"5":1}}
,"/Users/jcamarate/dev/kanboard/src/client/components/Board/BoardList/BoardList.tsx": {"path":"/Users/jcamarate/dev/kanboard/src/client/components/Board/BoardList/BoardList.tsx","all":false,"statementMap":{"0":{"start":{"line":1,"column":0},"end":{"line":1,"column":34}},"9":{"start":{"line":10,"column":0},"end":{"line":10,"column":29}},"10":{"start":{"line":11,"column":0},"end":{"line":11,"column":62}},"11":{"start":{"line":12,"column":0},"end":{"line":12,"column":50}},"13":{"start":{"line":14,"column":0},"end":{"line":14,"column":19}},"14":{"start":{"line":15,"column":0},"end":{"line":15,"column":18}},"15":{"start":{"line":16,"column":0},"end":{"line":16,"column":20}},"17":{"start":{"line":18,"column":0},"end":{"line":18,"column":41}},"18":{"start":{"line":19,"column":0},"end":{"line":19,"column":12}},"19":{"start":{"line":20,"column":0},"end":{"line":20,"column":38}},"20":{"start":{"line":21,"column":0},"end":{"line":21,"column":29}},"21":{"start":{"line":22,"column":0},"end":{"line":22,"column":12}},"23":{"start":{"line":24,"column":0},"end":{"line":24,"column":3}},"25":{"start":{"line":26,"column":0},"end":{"line":26,"column":10}},"26":{"start":{"line":27,"column":0},"end":{"line":27,"column":38}},"27":{"start":{"line":28,"column":0},"end":{"line":28,"column":37}},"28":{"start":{"line":29,"column":0},"end":{"line":29,"column":51}},"29":{"start":{"line":30,"column":0},"end":{"line":30,"column":91}},"31":{"start":{"line":32,"column":0},"end":{"line":32,"column":17}},"32":{"start":{"line":33,"column":0},"end":{"line":33,"column":12}},"33":{"start":{"line":34,"column":0},"end":{"line":34,"column":35}},"34":{"start":{"line":35,"column":0},"end":{"line":35,"column":32}},"35":{"start":{"line":36,"column":0},"end":{"line":36,"column":52}},"36":{"start":{"line":37,"column":0},"end":{"line":37,"column":11}},"37":{"start":{"line":38,"column":0},"end":{"line":38,"column":12}},"38":{"start":{"line":39,"column":0},"end":{"line":39,"column":65}},"39":{"start":{"line":40,"column":0},"end":{"line":40,"column":10}},"41":{"start":{"line":42,"column":0},"end":{"line":42,"column":1}}},"s":{"0":1,"9":1,"10":4,"11":4,"13":4,"14":4,"15":4,"17":4,"18":1,"19":1,"20":1,"21":1,"23":1,"25":3,"26":3,"27":3,"28":3,"29":3,"31":3,"32":3,"33":3,"34":3,"35":2,"36":3,"37":3,"38":3,"39":3,"41":3},"branchMap":{"0":{"type":"branch","line":10,"loc":{"start":{"line":10,"column":7},"end":{"line":42,"column":1}},"locations":[{"start":{"line":10,"column":7},"end":{"line":42,"column":1}}]},"1":{"type":"branch","line":18,"loc":{"start":{"line":18,"column":6},"end":{"line":18,"column":40}},"locations":[{"start":{"line":18,"column":6},"end":{"line":18,"column":40}}]},"2":{"type":"branch","line":18,"loc":{"start":{"line":18,"column":40},"end":{"line":24,"column":3}},"locations":[{"start":{"line":18,"column":40},"end":{"line":24,"column":3}}]},"3":{"type":"branch","line":24,"loc":{"start":{"line":24,"column":2},"end":{"line":42,"column":1}},"locations":[{"start":{"line":24,"column":2},"end":{"line":42,"column":1}}]},"4":{"type":"branch","line":14,"loc":{"start":{"line":14,"column":12},"end":{"line":16,"column":5}},"locations":[{"start":{"line":14,"column":12},"end":{"line":16,"column":5}}]},"5":{"type":"branch","line":30,"loc":{"start":{"line":30,"column":25},"end":{"line":30,"column":57}},"locations":[{"start":{"line":30,"column":25},"end":{"line":30,"column":57}}]},"6":{"type":"branch","line":35,"loc":{"start":{"line":35,"column":20},"end":{"line":36,"column":52}},"locations":[{"start":{"line":35,"column":20},"end":{"line":36,"column":52}}]}},"b":{"0":[4],"1":[1],"2":[1],"3":[3],"4":[4],"5":[1],"6":[2]},"fnMap":{"0":{"name":"BoardList","decl":{"start":{"line":10,"column":7},"end":{"line":42,"column":1}},"loc":{"start":{"line":10,"column":7},"end":{"line":42,"column":1}},"line":10},"1":{"name":"onClick","decl":{"start":{"line":30,"column":25},"end":{"line":30,"column":57}},"loc":{"start":{"line":30,"column":25},"end":{"line":30,"column":57}},"line":30}},"f":{"0":4,"1":1}}
,"/Users/jcamarate/dev/kanboard/src/client/components/Board/BoardView/BoardView.tsx": {"path":"/Users/jcamarate/dev/kanboard/src/client/components/Board/BoardView/BoardView.tsx","all":false,"statementMap":{"0":{"start":{"line":1,"column":0},"end":{"line":1,"column":64}},"32":{"start":{"line":33,"column":0},"end":{"line":33,"column":37}},"34":{"start":{"line":35,"column":0},"end":{"line":35,"column":29}},"35":{"start":{"line":36,"column":0},"end":{"line":36,"column":55}},"36":{"start":{"line":37,"column":0},"end":{"line":37,"column":67}},"37":{"start":{"line":38,"column":0},"end":{"line":38,"column":55}},"38":{"start":{"line":39,"column":0},"end":{"line":39,"column":26}},"39":{"start":{"line":40,"column":0},"end":{"line":40,"column":85}},"40":{"start":{"line":41,"column":0},"end":{"line":41,"column":20}},"41":{"start":{"line":42,"column":0},"end":{"line":42,"column":53}},"42":{"start":{"line":43,"column":0},"end":{"line":43,"column":66}},"44":{"start":{"line":45,"column":0},"end":{"line":45,"column":29}},"45":{"start":{"line":46,"column":0},"end":{"line":46,"column":72}},"46":{"start":{"line":47,"column":0},"end":{"line":47,"column":30}},"47":{"start":{"line":48,"column":0},"end":{"line":48,"column":4}},"49":{"start":{"line":50,"column":0},"end":{"line":50,"column":19}},"50":{"start":{"line":51,"column":0},"end":{"line":51,"column":18}},"51":{"start":{"line":52,"column":0},"end":{"line":52,"column":26}},"52":{"start":{"line":53,"column":0},"end":{"line":53,"column":5}},"53":{"start":{"line":54,"column":0},"end":{"line":54,"column":28}},"55":{"start":{"line":56,"column":0},"end":{"line":56,"column":49}},"56":{"start":{"line":57,"column":0},"end":{"line":57,"column":23}},"57":{"start":{"line":58,"column":0},"end":{"line":58,"column":48}},"58":{"start":{"line":59,"column":0},"end":{"line":59,"column":53}},"59":{"start":{"line":60,"column":0},"end":{"line":60,"column":23}},"60":{"start":{"line":61,"column":0},"end":{"line":61,"column":24}},"61":{"start":{"line":62,"column":0},"end":{"line":62,"column":4}},"65":{"start":{"line":66,"column":0},"end":{"line":66,"column":35}},"66":{"start":{"line":67,"column":0},"end":{"line":67,"column":66}},"67":{"start":{"line":68,"column":0},"end":{"line":68,"column":51}},"68":{"start":{"line":69,"column":0},"end":{"line":69,"column":41}},"69":{"start":{"line":70,"column":0},"end":{"line":70,"column":52}},"70":{"start":{"line":71,"column":0},"end":{"line":71,"column":7}},"71":{"start":{"line":72,"column":0},"end":{"line":72,"column":5}},"72":{"start":{"line":73,"column":0},"end":{"line":73,"column":15}},"73":{"start":{"line":74,"column":0},"end":{"line":74,"column":21}},"75":{"start":{"line":76,"column":0},"end":{"line":76,"column":35}},"76":{"start":{"line":77,"column":0},"end":{"line":77,"column":67}},"77":{"start":{"line":78,"column":0},"end":{"line":78,"column":51}},"78":{"start":{"line":79,"column":0},"end":{"line":79,"column":84}},"79":{"start":{"line":80,"column":0},"end":{"line":80,"column":51}},"80":{"start":{"line":81,"column":0},"end":{"line":81,"column":5}},"81":{"start":{"line":82,"column":0},"end":{"line":82,"column":15}},"82":{"start":{"line":83,"column":0},"end":{"line":83,"column":21}},"84":{"start":{"line":85,"column":0},"end":{"line":85,"column":113}},"86":{"start":{"line":87,"column":0},"end":{"line":87,"column":38}},"87":{"start":{"line":88,"column":0},"end":{"line":88,"column":51}},"88":{"start":{"line":89,"column":0},"end":{"line":89,"column":46}},"89":{"start":{"line":90,"column":0},"end":{"line":90,"column":37}},"90":{"start":{"line":91,"column":0},"end":{"line":91,"column":5}},"96":{"start":{"line":97,"column":0},"end":{"line":97,"column":45}},"97":{"start":{"line":98,"column":0},"end":{"line":98,"column":33}},"98":{"start":{"line":99,"column":0},"end":{"line":99,"column":50}},"99":{"start":{"line":100,"column":0},"end":{"line":100,"column":27}},"100":{"start":{"line":101,"column":0},"end":{"line":101,"column":69}},"101":{"start":{"line":102,"column":0},"end":{"line":102,"column":37}},"106":{"start":{"line":107,"column":0},"end":{"line":107,"column":64}},"107":{"start":{"line":108,"column":0},"end":{"line":108,"column":3}},"109":{"start":{"line":110,"column":0},"end":{"line":110,"column":54}},"110":{"start":{"line":111,"column":0},"end":{"line":111,"column":39}},"111":{"start":{"line":112,"column":0},"end":{"line":112,"column":35}},"112":{"start":{"line":113,"column":0},"end":{"line":113,"column":39}},"113":{"start":{"line":114,"column":0},"end":{"line":114,"column":4}},"115":{"start":{"line":116,"column":0},"end":{"line":116,"column":56}},"116":{"start":{"line":117,"column":0},"end":{"line":117,"column":45}},"117":{"start":{"line":118,"column":0},"end":{"line":118,"column":61}},"118":{"start":{"line":119,"column":0},"end":{"line":119,"column":24}},"119":{"start":{"line":120,"column":0},"end":{"line":120,"column":24}},"121":{"start":{"line":122,"column":0},"end":{"line":122,"column":47}},"122":{"start":{"line":123,"column":0},"end":{"line":123,"column":28}},"124":{"start":{"line":125,"column":0},"end":{"line":125,"column":57}},"125":{"start":{"line":126,"column":0},"end":{"line":126,"column":26}},"128":{"start":{"line":129,"column":0},"end":{"line":129,"column":98}},"129":{"start":{"line":130,"column":0},"end":{"line":130,"column":13}},"130":{"start":{"line":131,"column":0},"end":{"line":131,"column":5}},"132":{"start":{"line":133,"column":0},"end":{"line":133,"column":9}},"133":{"start":{"line":134,"column":0},"end":{"line":134,"column":57}},"134":{"start":{"line":135,"column":0},"end":{"line":135,"column":32}},"135":{"start":{"line":136,"column":0},"end":{"line":136,"column":36}},"136":{"start":{"line":137,"column":0},"end":{"line":137,"column":40}},"137":{"start":{"line":138,"column":0},"end":{"line":138,"column":9}},"138":{"start":{"line":139,"column":0},"end":{"line":139,"column":13}},"140":{"start":{"line":141,"column":0},"end":{"line":141,"column":5}},"141":{"start":{"line":142,"column":0},"end":{"line":142,"column":4}},"143":{"start":{"line":144,"column":0},"end":{"line":144,"column":57}},"144":{"start":{"line":145,"column":0},"end":{"line":145,"column":24}},"145":{"start":{"line":146,"column":0},"end":{"line":146,"column":4}},"147":{"start":{"line":148,"column":0},"end":{"line":148,"column":40}},"148":{"start":{"line":149,"column":0},"end":{"line":149,"column":34}},"149":{"start":{"line":150,"column":0},"end":{"line":150,"column":52}},"150":{"start":{"line":151,"column":0},"end":{"line":151,"column":47}},"151":{"start":{"line":152,"column":0},"end":{"line":152,"column":40}},"152":{"start":{"line":153,"column":0},"end":{"line":153,"column":6}},"153":{"start":{"line":154,"column":0},"end":{"line":154,"column":39}},"154":{"start":{"line":155,"column":0},"end":{"line":155,"column":58}},"155":{"start":{"line":156,"column":0},"end":{"line":156,"column":53}},"156":{"start":{"line":157,"column":0},"end":{"line":157,"column":73}},"157":{"start":{"line":158,"column":0},"end":{"line":158,"column":37}},"158":{"start":{"line":159,"column":0},"end":{"line":159,"column":68}},"159":{"start":{"line":160,"column":0},"end":{"line":160,"column":71}},"160":{"start":{"line":161,"column":0},"end":{"line":161,"column":70}},"161":{"start":{"line":162,"column":0},"end":{"line":162,"column":87}},"162":{"start":{"line":163,"column":0},"end":{"line":163,"column":6}},"163":{"start":{"line":164,"column":0},"end":{"line":164,"column":38}},"164":{"start":{"line":165,"column":0},"end":{"line":165,"column":58}},"165":{"start":{"line":166,"column":0},"end":{"line":166,"column":53}},"166":{"start":{"line":167,"column":0},"end":{"line":167,"column":66}},"167":{"start":{"line":168,"column":0},"end":{"line":168,"column":77}},"168":{"start":{"line":169,"column":0},"end":{"line":169,"column":78}},"169":{"start":{"line":170,"column":0},"end":{"line":170,"column":70}},"170":{"start":{"line":171,"column":0},"end":{"line":171,"column":90}},"171":{"start":{"line":172,"column":0},"end":{"line":172,"column":6}},"172":{"start":{"line":173,"column":0},"end":{"line":173,"column":35}},"173":{"start":{"line":174,"column":0},"end":{"line":174,"column":52}},"174":{"start":{"line":175,"column":0},"end":{"line":175,"column":47}},"175":{"start":{"line":176,"column":0},"end":{"line":176,"column":80}},"176":{"start":{"line":177,"column":0},"end":{"line":177,"column":6}},"177":{"start":{"line":178,"column":0},"end":{"line":178,"column":4}},"179":{"start":{"line":180,"column":0},"end":{"line":180,"column":35}},"180":{"start":{"line":181,"column":0},"end":{"line":181,"column":12}},"181":{"start":{"line":182,"column":0},"end":{"line":182,"column":38}},"182":{"start":{"line":183,"column":0},"end":{"line":183,"column":29}},"183":{"start":{"line":184,"column":0},"end":{"line":184,"column":12}},"185":{"start":{"line":186,"column":0},"end":{"line":186,"column":3}},"187":{"start":{"line":188,"column":0},"end":{"line":188,"column":33}},"189":{"start":{"line":190,"column":0},"end":{"line":190,"column":94}},"191":{"start":{"line":192,"column":0},"end":{"line":192,"column":48}},"192":{"start":{"line":193,"column":0},"end":{"line":193,"column":23}},"193":{"start":{"line":194,"column":0},"end":{"line":194,"column":26}},"194":{"start":{"line":195,"column":0},"end":{"line":195,"column":19}},"195":{"start":{"line":196,"column":0},"end":{"line":196,"column":36}},"196":{"start":{"line":197,"column":0},"end":{"line":197,"column":18}},"197":{"start":{"line":198,"column":0},"end":{"line":198,"column":52}},"198":{"start":{"line":199,"column":0},"end":{"line":199,"column":67}},"199":{"start":{"line":200,"column":0},"end":{"line":200,"column":12}},"200":{"start":{"line":201,"column":0},"end":{"line":201,"column":12}},"202":{"start":{"line":203,"column":0},"end":{"line":203,"column":10}},"203":{"start":{"line":204,"column":0},"end":{"line":204,"column":38}},"204":{"start":{"line":205,"column":0},"end":{"line":205,"column":42}},"205":{"start":{"line":206,"column":0},"end":{"line":206,"column":55}},"206":{"start":{"line":207,"column":0},"end":{"line":207,"column":17}},"207":{"start":{"line":208,"column":0},"end":{"line":208,"column":25}},"208":{"start":{"line":209,"column":0},"end":{"line":209,"column":43}},"209":{"start":{"line":210,"column":0},"end":{"line":210,"column":37}},"210":{"start":{"line":211,"column":0},"end":{"line":211,"column":33}},"211":{"start":{"line":212,"column":0},"end":{"line":212,"column":39}},"212":{"start":{"line":213,"column":0},"end":{"line":213,"column":41}},"214":{"start":{"line":215,"column":0},"end":{"line":215,"column":72}},"215":{"start":{"line":216,"column":0},"end":{"line":216,"column":40}},"216":{"start":{"line":217,"column":0},"end":{"line":217,"column":52}},"217":{"start":{"line":218,"column":0},"end":{"line":218,"column":13}},"218":{"start":{"line":219,"column":0},"end":{"line":219,"column":102}},"219":{"start":{"line":220,"column":0},"end":{"line":220,"column":18}},"220":{"start":{"line":221,"column":0},"end":{"line":221,"column":44}},"221":{"start":{"line":222,"column":0},"end":{"line":222,"column":33}},"222":{"start":{"line":223,"column":0},"end":{"line":223,"column":62}},"223":{"start":{"line":224,"column":0},"end":{"line":224,"column":42}},"224":{"start":{"line":225,"column":0},"end":{"line":225,"column":14}},"225":{"start":{"line":226,"column":0},"end":{"line":226,"column":19}},"226":{"start":{"line":227,"column":0},"end":{"line":227,"column":27}},"227":{"start":{"line":228,"column":0},"end":{"line":228,"column":33}},"228":{"start":{"line":229,"column":0},"end":{"line":229,"column":23}},"229":{"start":{"line":230,"column":0},"end":{"line":230,"column":68}},"230":{"start":{"line":231,"column":0},"end":{"line":231,"column":43}},"231":{"start":{"line":232,"column":0},"end":{"line":232,"column":13}},"233":{"start":{"line":234,"column":0},"end":{"line":234,"column":21}},"234":{"start":{"line":235,"column":0},"end":{"line":235,"column":17}},"235":{"start":{"line":236,"column":0},"end":{"line":236,"column":14}},"236":{"start":{"line":237,"column":0},"end":{"line":237,"column":21}},"237":{"start":{"line":238,"column":0},"end":{"line":238,"column":69}},"238":{"start":{"line":239,"column":0},"end":{"line":239,"column":22}},"239":{"start":{"line":240,"column":0},"end":{"line":240,"column":19}},"240":{"start":{"line":241,"column":0},"end":{"line":241,"column":57}},"241":{"start":{"line":242,"column":0},"end":{"line":242,"column":58}},"242":{"start":{"line":243,"column":0},"end":{"line":243,"column":47}},"244":{"start":{"line":245,"column":0},"end":{"line":245,"column":10}},"246":{"start":{"line":247,"column":0},"end":{"line":247,"column":1}}},"s":{"0":1,"32":1,"34":1,"35":12,"36":12,"37":12,"38":12,"39":12,"40":11,"41":12,"42":12,"44":12,"45":12,"46":12,"47":12,"49":12,"50":9,"51":9,"52":9,"53":12,"55":12,"56":2,"57":2,"58":1,"59":1,"60":1,"61":2,"65":12,"66":9,"67":9,"68":13,"69":8,"70":8,"71":13,"72":9,"73":12,"75":12,"76":9,"77":9,"78":13,"79":13,"80":13,"81":9,"82":12,"84":12,"86":0,"87":0,"88":0,"89":0,"90":0,"96":0,"97":0,"98":0,"99":0,"100":0,"101":0,"106":0,"107":0,"109":12,"110":0,"111":0,"112":0,"113":0,"115":12,"116":0,"117":0,"118":0,"119":0,"121":0,"122":0,"124":0,"125":0,"128":0,"129":0,"130":0,"132":0,"133":0,"134":0,"135":0,"136":0,"137":0,"138":0,"140":0,"141":0,"143":12,"144":0,"145":0,"147":12,"148":12,"149":0,"150":0,"151":0,"152":0,"153":12,"154":0,"155":0,"156":0,"157":0,"158":0,"159":0,"160":0,"161":0,"162":0,"163":12,"164":0,"165":0,"166":0,"167":0,"168":0,"169":0,"170":0,"171":0,"172":12,"173":0,"174":0,"175":0,"176":0,"177":12,"179":12,"180":1,"181":1,"182":1,"183":1,"185":1,"187":12,"189":12,"191":12,"192":12,"193":12,"194":9,"195":1,"196":1,"197":1,"198":2,"199":1,"200":1,"202":12,"203":12,"204":12,"205":12,"206":12,"207":12,"208":12,"209":12,"210":12,"211":12,"212":12,"214":12,"215":12,"216":19,"217":12,"218":12,"219":12,"220":12,"221":12,"222":12,"223":12,"224":12,"225":12,"226":12,"227":12,"228":12,"229":12,"230":12,"231":12,"233":12,"234":12,"235":12,"236":12,"237":12,"238":12,"239":12,"240":12,"241":12,"242":1,"244":12,"246":12},"branchMap":{"0":{"type":"branch","line":35,"loc":{"start":{"line":35,"column":7},"end":{"line":247,"column":1}},"locations":[{"start":{"line":35,"column":7},"end":{"line":247,"column":1}}]},"1":{"type":"branch","line":40,"loc":{"start":{"line":40,"column":81},"end":{"line":41,"column":20}},"locations":[{"start":{"line":40,"column":81},"end":{"line":41,"column":20}}]},"2":{"type":"branch","line":180,"loc":{"start":{"line":180,"column":6},"end":{"line":180,"column":34}},"locations":[{"start":{"line":180,"column":6},"end":{"line":180,"column":34}}]},"3":{"type":"branch","line":180,"loc":{"start":{"line":180,"column":34},"end":{"line":186,"column":3}},"locations":[{"start":{"line":180,"column":34},"end":{"line":186,"column":3}}]},"4":{"type":"branch","line":186,"loc":{"start":{"line":186,"column":2},"end":{"line":188,"column":28}},"locations":[{"start":{"line":186,"column":2},"end":{"line":188,"column":28}}]},"5":{"type":"branch","line":188,"loc":{"start":{"line":188,"column":21},"end":{"line":188,"column":33}},"locations":[{"start":{"line":188,"column":21},"end":{"line":188,"column":33}}]},"6":{"type":"branch","line":188,"loc":{"start":{"line":188,"column":28},"end":{"line":190,"column":49}},"locations":[{"start":{"line":188,"column":28},"end":{"line":190,"column":49}}]},"7":{"type":"branch","line":190,"loc":{"start":{"line":190,"column":40},"end":{"line":190,"column":52}},"locations":[{"start":{"line":190,"column":40},"end":{"line":190,"column":52}}]},"8":{"type":"branch","line":194,"loc":{"start":{"line":194,"column":25},"end":{"line":195,"column":19}},"locations":[{"start":{"line":194,"column":25},"end":{"line":195,"column":19}}]},"9":{"type":"branch","line":195,"loc":{"start":{"line":195,"column":8},"end":{"line":201,"column":12}},"locations":[{"start":{"line":195,"column":8},"end":{"line":201,"column":12}}]},"10":{"type":"branch","line":206,"loc":{"start":{"line":206,"column":7},"end":{"line":206,"column":55}},"locations":[{"start":{"line":206,"column":7},"end":{"line":206,"column":55}}]},"11":{"type":"branch","line":238,"loc":{"start":{"line":238,"column":11},"end":{"line":238,"column":64}},"locations":[{"start":{"line":238,"column":11},"end":{"line":238,"column":64}}]},"12":{"type":"branch","line":238,"loc":{"start":{"line":238,"column":59},"end":{"line":238,"column":69}},"locations":[{"start":{"line":238,"column":59},"end":{"line":238,"column":69}}]},"13":{"type":"branch","line":241,"loc":{"start":{"line":241,"column":7},"end":{"line":241,"column":31}},"locations":[{"start":{"line":241,"column":7},"end":{"line":241,"column":31}}]},"14":{"type":"branch","line":241,"loc":{"start":{"line":241,"column":38},"end":{"line":241,"column":57}},"locations":[{"start":{"line":241,"column":38},"end":{"line":241,"column":57}}]},"15":{"type":"branch","line":242,"loc":{"start":{"line":242,"column":7},"end":{"line":242,"column":58}},"locations":[{"start":{"line":242,"column":7},"end":{"line":242,"column":58}}]},"16":{"type":"branch","line":242,"loc":{"start":{"line":242,"column":51},"end":{"line":243,"column":47}},"locations":[{"start":{"line":242,"column":51},"end":{"line":243,"column":47}}]},"17":{"type":"branch","line":38,"loc":{"start":{"line":38,"column":33},"end":{"line":38,"column":53}},"locations":[{"start":{"line":38,"column":33},"end":{"line":38,"column":53}}]},"18":{"type":"branch","line":40,"loc":{"start":{"line":40,"column":24},"end":{"line":40,"column":81}},"locations":[{"start":{"line":40,"column":24},"end":{"line":40,"column":81}}]},"19":{"type":"branch","line":40,"loc":{"start":{"line":40,"column":67},"end":{"line":40,"column":81}},"locations":[{"start":{"line":40,"column":67},"end":{"line":40,"column":81}}]},"20":{"type":"branch","line":50,"loc":{"start":{"line":50,"column":12},"end":{"line":54,"column":5}},"locations":[{"start":{"line":50,"column":12},"end":{"line":54,"column":5}}]},"21":{"type":"branch","line":56,"loc":{"start":{"line":56,"column":24},"end":{"line":62,"column":4}},"locations":[{"start":{"line":56,"column":24},"end":{"line":62,"column":4}}]},"22":{"type":"branch","line":58,"loc":{"start":{"line":58,"column":26},"end":{"line":58,"column":41}},"locations":[{"start":{"line":58,"column":26},"end":{"line":58,"column":41}}]},"23":{"type":"branch","line":58,"loc":{"start":{"line":58,"column":41},"end":{"line":61,"column":24}},"locations":[{"start":{"line":58,"column":41},"end":{"line":61,"column":24}}]},"24":{"type":"branch","line":66,"loc":{"start":{"line":66,"column":28},"end":{"line":74,"column":5}},"locations":[{"start":{"line":66,"column":28},"end":{"line":74,"column":5}}]},"25":{"type":"branch","line":68,"loc":{"start":{"line":68,"column":23},"end":{"line":68,"column":46}},"locations":[{"start":{"line":68,"column":23},"end":{"line":68,"column":46}}]},"26":{"type":"branch","line":68,"loc":{"start":{"line":68,"column":37},"end":{"line":68,"column":50}},"locations":[{"start":{"line":68,"column":37},"end":{"line":68,"column":50}}]},"27":{"type":"branch","line":68,"loc":{"start":{"line":68,"column":50},"end":{"line":72,"column":5}},"locations":[{"start":{"line":68,"column":50},"end":{"line":72,"column":5}}]},"28":{"type":"branch","line":69,"loc":{"start":{"line":69,"column":27},"end":{"line":69,"column":40}},"locations":[{"start":{"line":69,"column":27},"end":{"line":69,"column":40}}]},"29":{"type":"branch","line":69,"loc":{"start":{"line":69,"column":40},"end":{"line":71,"column":7}},"locations":[{"start":{"line":69,"column":40},"end":{"line":71,"column":7}}]},"30":{"type":"branch","line":76,"loc":{"start":{"line":76,"column":28},"end":{"line":83,"column":5}},"locations":[{"start":{"line":76,"column":28},"end":{"line":83,"column":5}}]},"31":{"type":"branch","line":78,"loc":{"start":{"line":78,"column":23},"end":{"line":78,"column":46}},"locations":[{"start":{"line":78,"column":23},"end":{"line":78,"column":46}}]},"32":{"type":"branch","line":78,"loc":{"start":{"line":78,"column":37},"end":{"line":78,"column":50}},"locations":[{"start":{"line":78,"column":37},"end":{"line":78,"column":50}}]},"33":{"type":"branch","line":78,"loc":{"start":{"line":78,"column":50},"end":{"line":81,"column":5}},"locations":[{"start":{"line":78,"column":50},"end":{"line":81,"column":5}}]},"34":{"type":"branch","line":79,"loc":{"start":{"line":79,"column":30},"end":{"line":79,"column":42}},"locations":[{"start":{"line":79,"column":30},"end":{"line":79,"column":42}}]},"35":{"type":"branch","line":79,"loc":{"start":{"line":79,"column":49},"end":{"line":79,"column":82}},"locations":[{"start":{"line":79,"column":49},"end":{"line":79,"column":82}}]},"36":{"type":"branch","line":190,"loc":{"start":{"line":190,"column":59},"end":{"line":190,"column":92}},"locations":[{"start":{"line":190,"column":59},"end":{"line":190,"column":92}}]},"37":{"type":"branch","line":196,"loc":{"start":{"line":196,"column":24},"end":{"line":201,"column":10}},"locations":[{"start":{"line":196,"column":24},"end":{"line":201,"column":10}}]},"38":{"type":"branch","line":198,"loc":{"start":{"line":198,"column":23},"end":{"line":198,"column":36}},"locations":[{"start":{"line":198,"column":23},"end":{"line":198,"column":36}}]},"39":{"type":"branch","line":198,"loc":{"start":{"line":198,"column":43},"end":{"line":199,"column":67}},"locations":[{"start":{"line":198,"column":43},"end":{"line":199,"column":67}}]},"40":{"type":"branch","line":199,"loc":{"start":{"line":199,"column":18},"end":{"line":199,"column":32}},"locations":[{"start":{"line":199,"column":18},"end":{"line":199,"column":32}}]},"41":{"type":"branch","line":199,"loc":{"start":{"line":199,"column":37},"end":{"line":199,"column":65}},"locations":[{"start":{"line":199,"column":37},"end":{"line":199,"column":65}}]},"42":{"type":"branch","line":216,"loc":{"start":{"line":216,"column":29},"end":{"line":217,"column":52}},"locations":[{"start":{"line":216,"column":29},"end":{"line":217,"column":52}}]},"43":{"type":"branch","line":223,"loc":{"start":{"line":223,"column":24},"end":{"line":223,"column":62}},"locations":[{"start":{"line":223,"column":24},"end":{"line":223,"column":62}}]}},"b":{"0":[12],"1":[11],"2":[1],"3":[1],"4":[11],"5":[1],"6":[10],"7":[0],"8":[9],"9":[1],"10":[10],"11":[0],"12":[10],"13":[2],"14":[1],"15":[10],"16":[1],"17":[12],"18":[12],"19":[0],"20":[9],"21":[2],"22":[1],"23":[1],"24":[9],"25":[7],"26":[2],"27":[13],"28":[0],"29":[8],"30":[9],"31":[7],"32":[2],"33":[13],"34":[0],"35":[1],"36":[9],"37":[1],"38":[0],"39":[2],"40":[1],"41":[1],"42":[19],"43":[2]},"fnMap":{"0":{"name":"BoardView","decl":{"start":{"line":35,"column":7},"end":{"line":247,"column":1}},"loc":{"start":{"line":35,"column":7},"end":{"line":247,"column":1}},"line":35},"1":{"name":"handleAddList","decl":{"start":{"line":56,"column":24},"end":{"line":62,"column":4}},"loc":{"start":{"line":56,"column":24},"end":{"line":62,"column":4}},"line":56},"2":{"name":"resolveDropTarget","decl":{"start":{"line":85,"column":2},"end":{"line":108,"column":3}},"loc":{"start":{"line":85,"column":2},"end":{"line":108,"column":3}},"line":85},"3":{"name":"handleDragStart","decl":{"start":{"line":110,"column":26},"end":{"line":114,"column":4}},"loc":{"start":{"line":110,"column":26},"end":{"line":114,"column":4}},"line":110},"4":{"name":"handleDragEnd","decl":{"start":{"line":116,"column":24},"end":{"line":142,"column":4}},"loc":{"start":{"line":116,"column":24},"end":{"line":142,"column":4}},"line":116},"5":{"name":"handleDragCancel","decl":{"start":{"line":144,"column":27},"end":{"line":146,"column":4}},"loc":{"start":{"line":144,"column":27},"end":{"line":146,"column":4}},"line":144},"6":{"name":"onDragStart","decl":{"start":{"line":149,"column":17},"end":{"line":153,"column":6}},"loc":{"start":{"line":149,"column":17},"end":{"line":153,"column":6}},"line":149},"7":{"name":"onDragOver","decl":{"start":{"line":154,"column":16},"end":{"line":163,"column":6}},"loc":{"start":{"line":154,"column":16},"end":{"line":163,"column":6}},"line":154},"8":{"name":"onDragEnd","decl":{"start":{"line":164,"column":15},"end":{"line":172,"column":6}},"loc":{"start":{"line":164,"column":15},"end":{"line":172,"column":6}},"line":164},"9":{"name":"onDragCancel","decl":{"start":{"line":173,"column":18},"end":{"line":177,"column":6}},"loc":{"start":{"line":173,"column":18},"end":{"line":177,"column":6}},"line":173},"10":{"name":"onChange","decl":{"start":{"line":223,"column":24},"end":{"line":223,"column":62}},"loc":{"start":{"line":223,"column":24},"end":{"line":223,"column":62}},"line":223}},"f":{"0":12,"1":2,"2":0,"3":0,"4":0,"5":0,"6":0,"7":0,"8":0,"9":0,"10":2}}
,"/Users/jcamarate/dev/kanboard/src/client/components/Board/CreateBoardModal/CreateBoardModal.tsx": {"path":"/Users/jcamarate/dev/kanboard/src/client/components/Board/CreateBoardModal/CreateBoardModal.tsx","all":false,"statementMap":{"0":{"start":{"line":1,"column":0},"end":{"line":1,"column":44}},"13":{"start":{"line":14,"column":0},"end":{"line":14,"column":69}},"14":{"start":{"line":15,"column":0},"end":{"line":15,"column":39}},"15":{"start":{"line":16,"column":0},"end":{"line":16,"column":52}},"16":{"start":{"line":17,"column":0},"end":{"line":17,"column":59}},"17":{"start":{"line":18,"column":0},"end":{"line":18,"column":53}},"18":{"start":{"line":19,"column":0},"end":{"line":19,"column":33}},"20":{"start":{"line":21,"column":0},"end":{"line":21,"column":48}},"21":{"start":{"line":22,"column":0},"end":{"line":22,"column":23}},"22":{"start":{"line":23,"column":0},"end":{"line":23,"column":29}},"23":{"start":{"line":24,"column":0},"end":{"line":24,"column":23}},"24":{"start":{"line":25,"column":0},"end":{"line":25,"column":9}},"25":{"start":{"line":26,"column":0},"end":{"line":26,"column":51}},"26":{"start":{"line":27,"column":0},"end":{"line":27,"column":18}},"27":{"start":{"line":28,"column":0},"end":{"line":28,"column":19}},"28":{"start":{"line":29,"column":0},"end":{"line":29,"column":38}},"29":{"start":{"line":30,"column":0},"end":{"line":30,"column":15}},"30":{"start":{"line":31,"column":0},"end":{"line":31,"column":26}},"31":{"start":{"line":32,"column":0},"end":{"line":32,"column":5}},"32":{"start":{"line":33,"column":0},"end":{"line":33,"column":4}},"34":{"start":{"line":35,"column":0},"end":{"line":35,"column":29}},"35":{"start":{"line":36,"column":0},"end":{"line":36,"column":16}},"36":{"start":{"line":37,"column":0},"end":{"line":37,"column":17}},"37":{"start":{"line":38,"column":0},"end":{"line":38,"column":4}},"39":{"start":{"line":40,"column":0},"end":{"line":40,"column":10}},"40":{"start":{"line":41,"column":0},"end":{"line":41,"column":70}},"41":{"start":{"line":42,"column":0},"end":{"line":42,"column":92}},"42":{"start":{"line":43,"column":0},"end":{"line":43,"column":14}},"43":{"start":{"line":44,"column":0},"end":{"line":44,"column":28}},"44":{"start":{"line":45,"column":0},"end":{"line":45,"column":22}},"45":{"start":{"line":46,"column":0},"end":{"line":46,"column":51}},"46":{"start":{"line":47,"column":0},"end":{"line":47,"column":40}},"47":{"start":{"line":48,"column":0},"end":{"line":48,"column":18}},"48":{"start":{"line":49,"column":0},"end":{"line":49,"column":41}},"49":{"start":{"line":50,"column":0},"end":{"line":50,"column":10}},"50":{"start":{"line":51,"column":0},"end":{"line":51,"column":40}},"51":{"start":{"line":52,"column":0},"end":{"line":52,"column":108}},"53":{"start":{"line":54,"column":0},"end":{"line":54,"column":19}},"54":{"start":{"line":55,"column":0},"end":{"line":55,"column":88}},"56":{"start":{"line":57,"column":0},"end":{"line":57,"column":19}},"57":{"start":{"line":58,"column":0},"end":{"line":58,"column":14}},"58":{"start":{"line":59,"column":0},"end":{"line":59,"column":13}},"59":{"start":{"line":60,"column":0},"end":{"line":60,"column":12}},"61":{"star
[...]
ch","line":94,"loc":{"start":{"line":94,"column":4},"end":{"line":97,"column":21}},"locations":[{"start":{"line":94,"column":4},"end":{"line":97,"column":21}}]},"20":{"type":"branch","line":97,"loc":{"start":{"line":97,"column":21},"end":{"line":108,"column":5}},"locations":[{"start":{"line":97,"column":21},"end":{"line":108,"column":5}}]},"21":{"type":"branch","line":98,"loc":{"start":{"line":98,"column":66},"end":{"line":107,"column":7}},"locations":[{"start":{"line":98,"column":66},"end":{"line":107,"column":7}}]},"22":{"type":"branch","line":100,"loc":{"start":{"line":100,"column":20},"end":{"line":100,"column":29}},"locations":[{"start":{"line":100,"column":20},"end":{"line":100,"column":29}}]},"23":{"type":"branch","line":101,"loc":{"start":{"line":101,"column":38},"end":{"line":106,"column":9}},"locations":[{"start":{"line":101,"column":38},"end":{"line":106,"column":9}}]},"24":{"type":"branch","line":108,"loc":{"start":{"line":108,"column":4},"end":{"line":113,"column":7}},"locations":[{"start":{"line":108,"column":4},"end":{"line":113,"column":7}}]},"25":{"type":"branch","line":117,"loc":{"start":{"line":117,"column":0},"end":{"line":119,"column":1}},"locations":[{"start":{"line":117,"column":0},"end":{"line":119,"column":1}}]}},"b":{"0":[3],"1":[19],"2":[4],"3":[15],"4":[2],"5":[2],"6":[6],"7":[6],"8":[1],"9":[5],"10":[3],"11":[5],"12":[2],"13":[3],"14":[11],"15":[0],"16":[5],"17":[6],"18":[4],"19":[5],"20":[2],"21":[2],"22":[0],"23":[1],"24":[5],"25":[2]},"fnMap":{"0":{"name":"createCard","decl":{"start":{"line":3,"column":0},"end":{"line":8,"column":1}},"loc":{"start":{"line":3,"column":0},"end":{"line":8,"column":1}},"line":3},"1":{"name":"getCardById","decl":{"start":{"line":10,"column":0},"end":{"line":29,"column":1}},"loc":{"start":{"line":10,"column":0},"end":{"line":29,"column":1}},"line":10},"2":{"name":"updateCard","decl":{"start":{"line":31,"column":0},"end":{"line":36,"column":1}},"loc":{"start":{"line":31,"column":0},"end":{"line":36,"column":1}},"line":31},"3":{"name":"moveCard","decl":{"start":{"line":38,"column":0},"end":{"line":115,"column":1}},"loc":{"start":{"line":38,"column":0},"end":{"line":115,"column":1}},"line":38},"4":{"name":"deleteCard","decl":{"start":{"line":117,"column":0},"end":{"line":119,"column":1}},"loc":{"start":{"line":117,"column":0},"end":{"line":119,"column":1}},"line":117}},"f":{"0":3,"1":19,"2":2,"3":6,"4":2}}
,"/Users/jcamarate/dev/kanboard/src/server/services/label.service.ts": {"path":"/Users/jcamarate/dev/kanboard/src/server/services/label.service.ts","all":false,"statementMap":{"0":{"start":{"line":1,"column":0},"end":{"line":1,"column":40}},"6":{"start":{"line":7,"column":0},"end":{"line":7,"column":46}},"7":{"start":{"line":8,"column":0},"end":{"line":8,"column":35}},"8":{"start":{"line":9,"column":0},"end":{"line":9,"column":1}},"10":{"start":{"line":11,"column":0},"end":{"line":11,"column":51}},"11":{"start":{"line":12,"column":0},"end":{"line":12,"column":85}},"12":{"start":{"line":13,"column":0},"end":{"line":13,"column":1}},"14":{"start":{"line":15,"column":0},"end":{"line":15,"column":49}},"15":{"start":{"line":16,"column":0},"end":{"line":16,"column":32}},"16":{"start":{"line":17,"column":0},"end":{"line":17,"column":23}},"17":{"start":{"line":18,"column":0},"end":{"line":18,"column":34}},"18":{"start":{"line":19,"column":0},"end":{"line":19,"column":5}},"19":{"start":{"line":20,"column":0},"end":{"line":20,"column":1}},"21":{"start":{"line":22,"column":0},"end":{"line":22,"column":99}},"22":{"start":{"line":23,"column":0},"end":{"line":23,"column":30}},"23":{"start":{"line":24,"column":0},"end":{"line":24,"column":49}},"24":{"start":{"line":25,"column":0},"end":{"line":25,"column":12}},"25":{"start":{"line":26,"column":0},"end":{"line":26,"column":14}},"26":{"start":{"line":27,"column":0},"end":{"line":27,"column":53}},"27":{"start":{"line":28,"column":0},"end":{"line":28,"column":6}},"28":{"start":{"line":29,"column":0},"end":{"line":29,"column":5}},"29":{"start":{"line":30,"column":0},"end":{"line":30,"column":17}},"30":{"start":{"line":31,"column":0},"end":{"line":31,"column":90}},"31":{"start":{"line":32,"column":0},"end":{"line":32,"column":3}},"33":{"start":{"line":34,"column":0},"end":{"line":34,"column":7}},"34":{"start":{"line":35,"column":0},"end":{"line":35,"column":38}},"35":{"start":{"line":36,"column":0},"end":{"line":36,"column":46}},"36":{"start":{"line":37,"column":0},"end":{"line":37,"column":7}},"37":{"start":{"line":38,"column":0},"end":{"line":38,"column":17}},"38":{"start":{"line":39,"column":0},"end":{"line":39,"column":33}},"39":{"start":{"line":40,"column":0},"end":{"line":40,"column":92}},"40":{"start":{"line":41,"column":0},"end":{"line":41,"column":5}},"41":{"start":{"line":42,"column":0},"end":{"line":42,"column":14}},"42":{"start":{"line":43,"column":0},"end":{"line":43,"column":3}},"43":{"start":{"line":44,"column":0},"end":{"line":44,"column":1}},"45":{"start":{"line":46,"column":0},"end":{"line":46,"column":51}},"46":{"start":{"line":47,"column":0},"end":{"line":47,"column":34}},"47":{"start":{"line":48,"column":0},"end":{"line":48,"column":27}},"48":{"start":{"line":49,"column":0},"end":{"line":49,"column":99}},"49":{"start":{"line":50,"column":0},"end":{"line":50,"column":5}},"50":{"start":{"line":51,"column":0},"end":{"line":51,"column":1}},"52":{"start":{"line":53,"column":0},"end":{"line":53,"column":91}},"53":{"start":{"line":54,"column":0},"end":{"line":54,"column":76}},"54":{"start":{"line":55,"column":0},"end":{"line":55,"column":61}},"56":{"start":{"line":57,"column":0},"end":{"line":57,"column":33}},"57":{"start":{"line":58,"column":0},"end":{"line":58,"column":38}},"58":{"start":{"line":59,"column":0},"end":{"line":59,"column":65}},"59":{"start":{"line":60,"column":0},"end":{"line":60,"column":54}},"60":{"start":{"line":61,"column":0},"end":{"line":61,"column":16}},"61":{"start":{"line":62,"column":0},"end":{"line":62,"column":35}},"62":{"start":{"line":63,"column":0},"end":{"line":63,"column":57}},"63":{"start":{"line":64,"column":0},"end":{"line":64,"column":31}},"64":{"start":{"line":65,"column":0},"end":{"line":65,"column":10}},"65":{"start":{"line":66,"column":0},"end":{"line":66,"column":9}},"66":{"start":{"line":67,"column":0},"end":{"line":67,"column":22}},"67":{"start":{"line":68,"column":0},"end":{"line":68,"column":94}},"68":{"start":{"line":69,"column":0},"end":{"line":69,"column":7}},"69":{"start":{"line":70,"column":0},"end":{"line":70,"column":5}},"70":{"start":{"line":71,"column":0},"end":{"line":71,"column":3}},"72":{"start":{"line":73,"column":0},"end":{"line":73,"column":57}},"73":{"start":{"line":74,"column":0},"end":{"line":74,"column":62}},"74":{"start":{"line":75,"column":0},"end":{"line":75,"column":58}},"76":{"start":{"line":77,"column":0},"end":{"line":77,"column":7}},"77":{"start":{"line":78,"column":0},"end":{"line":78,"column":45}},"78":{"start":{"line":79,"column":0},"end":{"line":79,"column":29}},"79":{"start":{"line":80,"column":0},"end":{"line":80,"column":11}},"80":{"start":{"line":81,"column":0},"end":{"line":81,"column":7}},"81":{"start":{"line":82,"column":0},"end":{"line":82,"column":47}},"82":{"start":{"line":83,"column":0},"end":{"line":83,"column":17}},"83":{"start":{"line":84,"column":0},"end":{"line":84,"column":61}},"84":{"start":{"line":85,"column":0},"end":{"line":85,"column":102}},"85":{"start":{"line":86,"column":0},"end":{"line":86,"column":5}},"86":{"start":{"line":87,"column":0},"end":{"line":87,"column":14}},"87":{"start":{"line":88,"column":0},"end":{"line":88,"column":3}},"88":{"start":{"line":89,"column":0},"end":{"line":89,"column":1}},"90":{"start":{"line":91,"column":0},"end":{"line":91,"column":45}},"91":{"start":{"line":92,"column":0},"end":{"line":92,"column":57}},"92":{"start":{"line":93,"column":0},"end":{"line":93,"column":1}},"94":{"start":{"line":95,"column":0},"end":{"line":95,"column":49}},"95":{"start":{"line":96,"column":0},"end":{"line":96,"column":33}},"96":{"start":{"line":97,"column":0},"end":{"line":97,"column":26}},"97":{"start":{"line":98,"column":0},"end":{"line":98,"column":63}},"98":{"start":{"line":99,"column":0},"end":{"line":99,"column":5}},"99":{"start":{"line":100,"column":0},"end":{"line":100,"column":1}},"101":{"start":{"line":102,"column":0},"end":{"line":102,"column":67}},"102":{"start":{"line":103,"column":0},"end":{"line":103,"column":46}},"103":{"start":{"line":104,"column":0},"end":{"line":104,"column":57}},"105":{"start":{"line":106,"column":0},"end":{"line":106,"column":74}},"106":{"start":{"line":107,"column":0},"end":{"line":107,"column":59}},"108":{"start":{"line":109,"column":0},"end":{"line":109,"column":44}},"109":{"start":{"line":110,"column":0},"end":{"line":110,"column":76}},"110":{"start":{"line":111,"column":0},"end":{"line":111,"column":3}},"112":{"start":{"line":113,"column":0},"end":{"line":113,"column":34}},"113":{"start":{"line":114,"column":0},"end":{"line":114,"column":51}},"114":{"start":{"line":115,"column":0},"end":{"line":115,"column":32}},"115":{"start":{"line":116,"column":0},"end":{"line":116,"column":15}},"116":{"start":{"line":117,"column":0},"end":{"line":117,"column":5}},"117":{"start":{"line":118,"column":0},"end":{"line":118,"column":1}},"119":{"start":{"line":120,"column":0},"end":{"line":120,"column":69}},"120":{"start":{"line":121,"column":0},"end":{"line":121,"column":69}},"121":{"start":{"line":122,"column":0},"end":{"line":122,"column":1}}},"s":{"0":1,"6":8,"7":8,"8":8,"10":1,"11":1,"12":1,"14":2,"15":2,"16":2,"17":2,"18":2,"19":2,"21":4,"22":4,"23":4,"24":4,"25":4,"26":4,"27":4,"28":4,"29":4,"30":1,"31":1,"33":3,"34":3,"35":3,"36":3,"37":4,"38":1,"39":1,"40":1,"41":0,"42":0,"43":4,"45":6,"46":6,"47":6,"48":6,"49":6,"50":6,"52":5,"53":5,"54":5,"56":4,"57":4,"58":4,"59":3,"60":3,"61":3,"62":3,"63":3,"64":3,"65":3,"66":3,"67":1,"68":1,"69":3,"70":4,"72":3,"73":3,"74":5,"76":3,"77":3,"78":3,"79":3,"80":3,"81":3,"82":5,"83":0,"84":0,"85":0,"86":0,"87":0,"88":5,"90":2,"91":2,"92":2,"94":15,"95":15,"96":15,"97":15,"98":15,"99":15,"101":8,"102":8,"103":8,"105":7,"106":8,"108":8,"109":2,"110":2,"112":4,"113":4,"114":4,"115":4,"116":4,"117":4,"119":3,"120":3,"121":3},"branchMap":{"0":{"type":"branch","line":7,"loc":{"start":{"line":7,"column":0},"end":{"line":9,"column":1}},"locations":[{"start":{"line":7,"column":0},"end":{"line":9,"column":1}}]},"1":{"type":"branch","line":11,"loc":{"start":{"line":11,"column":0},"end":{"line":13,"column":1}},"locations":[{"start":{"line":11,"column":0},"end":{"line":13,"column":1}}]},"2":{"type":"branch","line":15,"loc":{"start":{"line":15,"column":0},"end":{"line":20,"column":1}},"locations":[{"start":{"line":15,"column":0},"end":{"line":20,"column":1}}]},"3":{"type":"branch","line":22,"loc":{"start":{"line":22,"column":0},"end":{"line":44,"column":1}},"locations":[{"start":{"line":22,"column":0},"end":{"line":44,"column":1}}]},"4":{"type":"branch","line":30,"loc":{"start":{"line":30,"column":16},"end":{"line":32,"column":3}},"locations":[{"start":{"line":30,"column":16},"end":{"line":32,"column":3}}]},"5":{"type":"branch","line":32,"loc":{"start":{"line":32,"column":2},"end":{"line":38,"column":11}},"locations":[{"start":{"line":32,"column":2},"end":{"line":38,"column":11}}]},"6":{"type":"branch","line":38,"loc":{"start":{"line":38,"column":2},"end":{"line":43,"column":3}},"locations":[{"start":{"line":38,"column":2},"end":{"line":43,"column":3}}]},"7":{"type":"branch","line":41,"loc":{"start":{"line":41,"column":4},"end":{"line":43,"column":3}},"locations":[{"start":{"line":41,"column":4},"end":{"line":43,"column":3}}]},"8":{"type":"branch","line":46,"loc":{"start":{"line":46,"column":0},"end":{"line":51,"column":1}},"locations":[{"start":{"line":46,"column":0},"end":{"line":51,"column":1}}]},"9":{"type":"branch","line":53,"loc":{"start":{"line":53,"column":0},"end":{"line":89,"column":1}},"locations":[{"start":{"line":53,"column":0},"end":{"line":89,"column":1}}]},"10":{"type":"branch","line":55,"loc":{"start":{"line":55,"column":16},"end":{"line":55,"column":61}},"locations":[{"start":{"line":55,"column":16},"end":{"line":55,"column":61}}]},"11":{"type":"branch","line":55,"loc":{"start":{"line":55,"column":59},"end":{"line":71,"column":3}},"locations":[{"start":{"line":55,"column":59},"end":{"line":71,"column":3}}]},"12":{"type":"branch","line":59,"loc":{"start":{"line":59,"column":64},"end":{"line":70,"column":5}},"locations":[{"start":{"line":59,"column":64},"end":{"line":70,"column":5}}]},"13":{"type":"branch","line":67,"loc":{"start":{"line":67,"column":21},"end":{"line":69,"column":7}},"locations":[{"start":{"line":67,"column":21},"end":{"line":69,"column":7}}]},"14":{"type":"branch","line":71,"loc":{"start":{"line":71,"column":2},"end":{"line":75,"column":38}},"locations":[{"start":{"line":71,"column":2},"end":{"line":75,"column":38}}]},"15":{"type":"branch","line":75,"loc":{"start":{"line":75,"column":33},"end":{"line":75,"column":58}},"locations":[{"start":{"line":75,"column":33},"end":{"line":75,"column":58}}]},"16":{"type":"branch","line":75,"loc":{"start":{"line":75,"column":52},"end":{"line":83,"column":11}},"locations":[{"start":{"line":75,"column":52},"end":{"line":83,"column":11}}]},"17":{"type":"branch","line":83,"loc":{"start":{"line":83,"column":2},"end":{"line":88,"column":3}},"locations":[{"start":{"line":83,"column":2},"end":{"line":88,"column":3}}]},"18":{"type":"branch","line":91,"loc":{"start":{"line":91,"column":0},"end":{"line":93,"column":1}},"locations":[{"start":{"line":91,"column":0},"end":{"line":93,"column":1}}]},"19":{"type":"branch","line":95,"loc":{"start":{"line":95,"column":0},"end":{"line":100,"column":1}},"locations":[{"start":{"line":95,"column":0},"end":{"line":100,"column":1}}]},"20":{"type":"branch","line":102,"loc":{"start":{"line":102,"column":0},"end":{"line":118,"column":1}},"locations":[{"start":{"line":102,"column":0},"end":{"line":118,"column":1}}]},"21":{"type":"branch","line":104,"loc":{"start":{"line":104,"column":13},"end":{"line":104,"column":57}},"locations":[{"start":{"line":104,"column":13},"end":{"line":104,"column":57}}]},"22":{"type":"branch","line":104,"loc":{"start":{"line":104,"column":55},"end":{"line":107,"column":20}},"locations":[{"start":{"line":104,"column":55},"end":{"line":107,"column":20}}]},"23":{"type":"branch","line":107,"loc":{"start":{"line":107,"column":14},"end":{"line":107,"column":59}},"locations":[{"start":{"line":107,"column":14},"end":{"line":107,"column":59}}]},"24":{"type":"branch","line":107,"loc":{"start":{"line":107,"column":57},"end":{"line":109,"column":43}},"locations":[{"start":{"line":107,"column":57},"end":{"line":109,"column":43}}]},"25":{"type":"branch","line":109,"loc":{"start":{"line":109,"column":43},"end":{"line":118,"column":1}},"locations":[{"start":{"line":109,"column":43},"end":{"line":118,"column":1}}]},"26":{"type":"branch","line":109,"loc":{"start":{"line":109,"column":43},"end":{"line":111,"column":3}},"locations":[{"start":{"line":109,"column":43},"end":{"line":111,"column":3}}]},"27":{"type":"branch","line":111,"loc":{"start":{"line":111,"column":2},"end":{"line":118,"column":1}},"locations":[{"start":{"line":111,"column":2},"end":{"line":118,"column":1}}]},"28":{"type":"branch","line":120,"loc":{"start":{"line":120,"column":0},"end":{"line":122,"column":1}},"locations":[{"start":{"line":120,"column":0},"end":{"line":122,"column":1}}]}},"b":{"0":[8],"1":[1],"2":[2],"3":[4],"4":[1],"5":[3],"6":[1],"7":[0],"8":[6],"9":[5],"10":[1],"11":[4],"12":[3],"13":[1],"14":[3],"15":[1],"16":[3],"17":[0],"18":[2],"19":[15],"20":[8],"21":[1],"22":[7],"23":[1],"24":[6],"25":[7],"26":[2],"27":[4],"28":[3]},"fnMap":{"0":{"name":"normalizeName","decl":{"start":{"line":7,"column":0},"end":{"line":9,"column":1}},"loc":{"start":{"line":7,"column":0},"end":{"line":9,"column":1}},"line":7},"1":{"name":"isUniqueViolation","decl":{"start":{"line":11,"column":0},"end":{"line":13,"column":1}},"loc":{"start":{"line":11,"column":0},"end":{"line":13,"column":1}},"line":11},"2":{"name":"listBoardLabels","decl":{"start":{"line":15,"column":0},"end":{"line":20,"column":1}},"loc":{"start":{"line":15,"column":0},"end":{"line":20,"column":1}},"line":15},"3":{"name":"createLabel","decl":{"start":{"line":22,"column":0},"end":{"line":44,"column":1}},"loc":{"start":{"line":22,"column":0},"end":{"line":44,"column":1}},"line":22},"4":{"name":"getLabelWithBoard","decl":{"start":{"line":46,"column":0},"end":{"line":51,"column":1}},"loc":{"start":{"line":46,"column":0},"end":{"line":51,"column":1}},"line":46},"5":{"name":"updateLabel","decl":{"start":{"line":53,"column":0},"end":{"line":89,"column":1}},"loc":{"start":{"line":53,"column":0},"end":{"line":89,"column":1}},"line":53},"6":{"name":"deleteLabel","decl":{"start":{"line":91,"column":0},"end":{"line":93,"column":1}},"loc":{"start":{"line":91,"column":0},"end":{"line":93,"column":1}},"line":91},"7":{"name":"getCardWithBoard","decl":{"start":{"line":95,"column":0},"end":{"line":100,"column":1}},"loc":{"start":{"line":95,"column":0},"end":{"line":100,"column":1}},"line":95},"8":{"name":"attachLabelToCard","decl":{"start":{"line":102,"column":0},"end":{"line":118,"column":1}},"loc":{"start":{"line":102,"column":0},"end":{"line":118,"column":1}},"line":102},"9":{"name":"detachLabelFromCard","decl":{"start":{"line":120,"column":0},"end":{"line":122,"column":1}},"loc":{"start":{"line":120,"column":0},"end":{"line":122,"column":1}},"line":120}},"f":{"0":8,"1":1,"2":2,"3":4,"4":6,"5":5,"6":2,"7":15,"8":8,"9":3}}
,"/Users/jcamarate/dev/kanboard/src/server/services/list.service.ts": {"path":"/Users/jcamarate/dev/kanboard/src/server/services/list.service.ts","all":false,"statementMap":{"0":{"start":{"line":1,"column":0},"end":{"line":1,"column":35}},"2":{"start":{"line":3,"column":0},"end":{"line":3,"column":58}},"3":{"start":{"line":4,"column":0},"end":{"line":4,"column":64}},"4":{"start":{"line":5,"column":0},"end":{"line":5,"column":29}},"5":{"start":{"line":6,"column":0},"end":{"line":6,"column":45}},"6":{"start":{"line":7,"column":0},"end":{"line":7,"column":5}},"7":{"start":{"line":8,"column":0},"end":{"line":8,"column":1}},"9":{"start":{"line":10,"column":0},"end":{"line":10,"column":87}},"10":{"start":{"line":11,"column":0},"end":{"line":11,"column":29}},"11":{"start":{"line":12,"column":0},"end":{"line":12,"column":26}},"12":{"start":{"line":13,"column":0},"end":{"line":13,"column":9}},"13":{"start":{"line":14,"column":0},"end":{"line":14,"column":5}},"14":{"start":{"line":15,"column":0},"end":{"line":15,"column":1}},"16":{"start":{"line":17,"column":0},"end":{"line":17,"column":43}},"17":{"start":{"line":18,"column":0},"end":{"line":18,"column":55}},"18":{"start":{"line":19,"column":0},"end":{"line":19,"column":1}}},"s":{"0":1,"2":3,"3":3,"4":3,"5":3,"6":3,"7":3,"9":3,"10":3,"11":3,"12":3,"13":3,"14":3,"16":2,"17":2,"18":2},"branchMap":{"0":{"type":"branch","line":3,"loc":{"start":{"line":3,"column":0},"end":{"line":8,"column":1}},"locations":[{"start":{"line":3,"column":0},"end":{"line":8,"column":1}}]},"1":{"type":"branch","line":10,"loc":{"start":{"line":10,"column":0},"end":{"line":15,"column":1}},"locations":[{"start":{"line":10,"column":0},"end":{"line":15,"column":1}}]},"2":{"type":"branch","line":17,"loc":{"start":{"line":17,"column":0},"end":{"line":19,"column":1}},"locations":[{"start":{"line":17,"column":0},"end":{"line":19,"column":1}}]}},"b":{"0":[3],"1":[3],"2":[2]},"fnMap":{"0":{"name":"createList","decl":{"start":{"line":3,"column":0},"end":{"line":8,"column":1}},"loc":{"start":{"line":3,"column":0},"end":{"line":8,"column":1}},"line":3},"1":{"name":"updateList","decl":{"start":{"line":10,"column":0},"end":{"line":15,"column":1}},"loc":{"start":{"line":10,"column":0},"end":{"line":15,"column":1}},"line":10},"2":{"name":"deleteList","decl":{"start":{"line":17,"column":0},"end":{"line":19,"column":1}},"loc":{"start":{"line":17,"column":0},"end":{"line":19,"column":1}},"line":17}},"f":{"0":3,"1":3,"2":2}}
}
